#
# There is insufficient memory for the Java Runtime Environment to continue.
# Native memory allocation (malloc) failed to allocate 1284816 bytes. Error detail: Chunk::new
# Possible reasons:
#   The system is out of physical RAM or swap space
#   This process is running with CompressedOops enabled, and the Java Heap may be blocking the growth of the native heap
# Possible solutions:
#   Reduce memory load on the system
#   Increase physical memory or swap space
#   Check if swap backing store is full
#   Decrease Java heap size (-Xmx/-Xms)
#   Decrease number of Java threads
#   Decrease Java thread stack sizes (-Xss)
#   Set larger code cache with -XX:ReservedCodeCacheSize=
#   JVM is running with Unscaled Compressed Oops mode in which the Java heap is
#     placed in the first 4GB address space. The Java Heap base address is the
#     maximum limit for the native heap growth. Please use -XX:HeapBaseMinAddress
#     to set the Java Heap base and to place the Java Heap above 4GB virtual address.
# This output file may be truncated or incomplete.
#
#  Out of Memory Error (arena.cpp:168), pid=3292, tid=2700
#
# JRE version: OpenJDK Runtime Environment Temurin-21.0.10+7 (21.0.10+7) (build 21.0.10+7-LTS)
# Java VM: OpenJDK 64-Bit Server VM Temurin-21.0.10+7 (21.0.10+7-LTS, mixed mode, sharing, tiered, compressed oops, compressed class ptrs, g1 gc, windows-amd64)
# No core dump will be written. Minidumps are not enabled by default on client versions of Windows
#

---------------  S U M M A R Y ------------

Command Line: -Dfile.encoding=UTF-8 -Dstdout.encoding=UTF-8 -Dstderr.encoding=UTF-8 -XX:+ShowCodeDetailsInExceptionMessages mcvandfileservice.PlannerApp

Host: AMD Ryzen 5 7520U with Radeon Graphics         , 8 cores, 7G,  Windows 11 , 64 bit Build 26100 (10.0.26100.8328)
Time: Wed May 20 11:50:08 2026 Pacific Daylight Time elapsed time: 8.060953 seconds (0d 0h 0m 8s)

---------------  T H R E A D  ---------------

Current thread (0x0000019c7df5ec70):  JavaThread "C2 CompilerThread0" daemon [_thread_in_native, id=2700, stack(0x0000002369600000,0x0000002369700000) (1024K)]


Current CompileTask:
C2:8061  996   !   4       sun.awt.image.PNGImageDecoder::produceImage (1917 bytes)

Stack: [0x0000002369600000,0x0000002369700000]
Native frames: (J=compiled Java code, j=interpreted, Vv=VM code, C=native code)
V  [jvm.dll+0x6d7a39]
V  [jvm.dll+0x8b4b26]
V  [jvm.dll+0x8b70de]
V  [jvm.dll+0x8b77c3]
V  [jvm.dll+0x284346]
V  [jvm.dll+0xc66ed]
V  [jvm.dll+0xc6c31]
V  [jvm.dll+0x3bec3b]
V  [jvm.dll+0x1e3bc4]
V  [jvm.dll+0x24c6b3]
V  [jvm.dll+0x24bb40]
V  [jvm.dll+0x1cb34e]
V  [jvm.dll+0x25b85d]
V  [jvm.dll+0x259dea]
V  [jvm.dll+0x3f857e]
V  [jvm.dll+0x85f59d]
V  [jvm.dll+0x6d626d]
C  [ucrtbase.dll+0x37b0]
C  [KERNEL32.DLL+0x2e957]
C  [ntdll.dll+0x427c]


---------------  P R O C E S S  ---------------

Threads class SMR info:
_java_thread_list=0x0000019c7e0a7090, length=16, elements={
0x0000019c7df28af0, 0x0000019c7df2b6d0, 0x0000019c7df2f6b0, 0x0000019c7df30110,
0x0000019c7df34a00, 0x0000019c7df39770, 0x0000019c7df5ec70, 0x0000019c7df603b0,
0x0000019c7e0a84a0, 0x0000019c7e0b5d00, 0x0000019c7e3399f0, 0x0000019c7e33f2d0,
0x0000019c7e346420, 0x0000019c7f1173f0, 0x0000019c7f05f5a0, 0x0000019c64044a00
}

Java Threads: ( => current thread )
  0x0000019c7df28af0 JavaThread "Reference Handler"          daemon [_thread_blocked, id=27924, stack(0x0000002369000000,0x0000002369100000) (1024K)]
  0x0000019c7df2b6d0 JavaThread "Finalizer"                  daemon [_thread_blocked, id=14600, stack(0x0000002369100000,0x0000002369200000) (1024K)]
  0x0000019c7df2f6b0 JavaThread "Signal Dispatcher"          daemon [_thread_blocked, id=15940, stack(0x0000002369200000,0x0000002369300000) (1024K)]
  0x0000019c7df30110 JavaThread "Attach Listener"            daemon [_thread_blocked, id=14668, stack(0x0000002369300000,0x0000002369400000) (1024K)]
  0x0000019c7df34a00 JavaThread "Service Thread"             daemon [_thread_blocked, id=23376, stack(0x0000002369400000,0x0000002369500000) (1024K)]
  0x0000019c7df39770 JavaThread "Monitor Deflation Thread"   daemon [_thread_blocked, id=10700, stack(0x0000002369500000,0x0000002369600000) (1024K)]
=>0x0000019c7df5ec70 JavaThread "C2 CompilerThread0"         daemon [_thread_in_native, id=2700, stack(0x0000002369600000,0x0000002369700000) (1024K)]
  0x0000019c7df603b0 JavaThread "C1 CompilerThread0"         daemon [_thread_blocked, id=27424, stack(0x0000002369700000,0x0000002369800000) (1024K)]
  0x0000019c7e0a84a0 JavaThread "Notification Thread"        daemon [_thread_blocked, id=26972, stack(0x0000002369800000,0x0000002369900000) (1024K)]
  0x0000019c7e0b5d00 JavaThread "Common-Cleaner"             daemon [_thread_blocked, id=9028, stack(0x0000002369900000,0x0000002369a00000) (1024K)]
  0x0000019c7e3399f0 JavaThread "Java2D Disposer"            daemon [_thread_blocked, id=15032, stack(0x0000002369a00000,0x0000002369b00000) (1024K)]
  0x0000019c7e33f2d0 JavaThread "AWT-Shutdown"                      [_thread_blocked, id=27720, stack(0x0000002369b00000,0x0000002369c00000) (1024K)]
  0x0000019c7e346420 JavaThread "AWT-Windows"                daemon [_thread_in_native, id=24948, stack(0x0000002369c00000,0x0000002369d00000) (1024K)]
  0x0000019c7f1173f0 JavaThread "AWT-EventQueue-0"                  [_thread_in_native, id=25952, stack(0x000000236a600000,0x000000236a700000) (1024K)]
  0x0000019c7f05f5a0 JavaThread "C2 CompilerThread1"         daemon [_thread_blocked, id=10744, stack(0x000000236a500000,0x000000236a600000) (1024K)]
  0x0000019c64044a00 JavaThread "DestroyJavaVM"                     [_thread_blocked, id=28576, stack(0x0000002368800000,0x0000002368900000) (1024K)]
Total: 16

Other Threads:
  0x0000019c7df0d8f0 VMThread "VM Thread"                           [id=28020, stack(0x0000002368f00000,0x0000002369000000) (1024K)]
  0x0000019c7defd540 WatcherThread "VM Periodic Task Thread"        [id=17628, stack(0x0000002368e00000,0x0000002368f00000) (1024K)]
  0x0000019c6642cfe0 WorkerThread "GC Thread#0"                     [id=27392, stack(0x0000002368900000,0x0000002368a00000) (1024K)]
  0x0000019c6643cfe0 ConcurrentGCThread "G1 Main Marker"            [id=27852, stack(0x0000002368a00000,0x0000002368b00000) (1024K)]
  0x0000019c6643f110 WorkerThread "G1 Conc#0"                       [id=21568, stack(0x0000002368b00000,0x0000002368c00000) (1024K)]
  0x0000019c7ddcd530 ConcurrentGCThread "G1 Refine#0"               [id=27460, stack(0x0000002368c00000,0x0000002368d00000) (1024K)]
  0x0000019c7ddcdf50 ConcurrentGCThread "G1 Service"                [id=3616, stack(0x0000002368d00000,0x0000002368e00000) (1024K)]
Total: 7

Threads with active compile tasks:
C2 CompilerThread0  8075  996   !   4       sun.awt.image.PNGImageDecoder::produceImage (1917 bytes)
Total: 1

VM state: not at safepoint (normal execution)

VM Mutex/Monitor currently owned by a thread: None

Heap address: 0x000000008c000000, size: 1856 MB, Compressed Oops mode: 32-bit

CDS archive(s) mapped at: [0x0000019c00000000-0x0000019c00c80000-0x0000019c00c80000), size 13107200, SharedBaseAddress: 0x0000019c00000000, ArchiveRelocationMode: 1.
Compressed class space mapped at: 0x0000019c01000000-0x0000019c41000000, reserved size: 1073741824
Narrow klass base: 0x0000019c00000000, Narrow klass shift: 0, Narrow klass range: 0x100000000

GC Precious Log:
 CardTable entry size: 512
 Card Set container configuration: InlinePtr #cards 5 size 8 Array Of Cards #cards 12 size 40 Howl #buckets 4 coarsen threshold 1843 Howl Bitmap #cards 512 size 80 coarsen threshold 460 Card regions per heap region 1 cards per card region 2048
 CPUs: 8 total, 8 available
 Memory: 7418M
 Large Page Support: Disabled
 NUMA Support: Disabled
 Compressed Oops: Enabled (32-bit)
 Heap Region Size: 1M
 Heap Min Capacity: 8M
 Heap Initial Capacity: 116M
 Heap Max Capacity: 1856M
 Pre-touch: Disabled
 Parallel Workers: 8
 Concurrent Workers: 2
 Concurrent Refinement Workers: 8
 Periodic GC: Disabled

Heap:
 garbage-first heap   total 118784K, used 33792K [0x000000008c000000, 0x0000000100000000)
  region size 1024K, 20 young (20480K), 0 survivors (0K)
 Metaspace       used 8491K, committed 8704K, reserved 1114112K
  class space    used 976K, committed 1088K, reserved 1048576K

Heap Regions: E=young(eden), S=young(survivor), O=old, HS=humongous(starts), HC=humongous(continues), CS=collection set, F=free, TAMS=top-at-mark-start, PB=parsable bottom
|   0|0x000000008c000000, 0x000000008c100000, 0x000000008c100000|100%|HS|  |TAMS 0x000000008c000000| PB 0x000000008c000000| Complete 
|   1|0x000000008c100000, 0x000000008c200000, 0x000000008c200000|100%|HC|  |TAMS 0x000000008c100000| PB 0x000000008c100000| Complete 
|   2|0x000000008c200000, 0x000000008c300000, 0x000000008c300000|100%|HC|  |TAMS 0x000000008c200000| PB 0x000000008c200000| Complete 
|   3|0x000000008c300000, 0x000000008c400000, 0x000000008c400000|100%|HS|  |TAMS 0x000000008c300000| PB 0x000000008c300000| Complete 
|   4|0x000000008c400000, 0x000000008c500000, 0x000000008c500000|100%|HC|  |TAMS 0x000000008c400000| PB 0x000000008c400000| Complete 
|   5|0x000000008c500000, 0x000000008c600000, 0x000000008c600000|100%|HC|  |TAMS 0x000000008c500000| PB 0x000000008c500000| Complete 
|   6|0x000000008c600000, 0x000000008c700000, 0x000000008c700000|100%|HC|  |TAMS 0x000000008c600000| PB 0x000000008c600000| Complete 
|   7|0x000000008c700000, 0x000000008c800000, 0x000000008c800000|100%|HC|  |TAMS 0x000000008c700000| PB 0x000000008c700000| Complete 
|   8|0x000000008c800000, 0x000000008c900000, 0x000000008c900000|100%|HC|  |TAMS 0x000000008c800000| PB 0x000000008c800000| Complete 
|   9|0x000000008c900000, 0x000000008ca00000, 0x000000008ca00000|100%|HC|  |TAMS 0x000000008c900000| PB 0x000000008c900000| Complete 
|  10|0x000000008ca00000, 0x000000008cb00000, 0x000000008cb00000|100%|HS|  |TAMS 0x000000008ca00000| PB 0x000000008ca00000| Complete 
|  11|0x000000008cb00000, 0x000000008cc00000, 0x000000008cc00000|100%|HC|  |TAMS 0x000000008cb00000| PB 0x000000008cb00000| Complete 
|  12|0x000000008cc00000, 0x000000008cd00000, 0x000000008cd00000|100%|HC|  |TAMS 0x000000008cc00000| PB 0x000000008cc00000| Complete 
|  13|0x000000008cd00000, 0x000000008ce00000, 0x000000008ce00000|100%|HC|  |TAMS 0x000000008cd00000| PB 0x000000008cd00000| Complete 
|  14|0x000000008ce00000, 0x000000008ce00000, 0x000000008cf00000|  0%| F|  |TAMS 0x000000008ce00000| PB 0x000000008ce00000| Untracked 
|  15|0x000000008cf00000, 0x000000008cf00000, 0x000000008d000000|  0%| F|  |TAMS 0x000000008cf00000| PB 0x000000008cf00000| Untracked 
|  16|0x000000008d000000, 0x000000008d000000, 0x000000008d100000|  0%| F|  |TAMS 0x000000008d000000| PB 0x000000008d000000| Untracked 
|  17|0x000000008d100000, 0x000000008d100000, 0x000000008d200000|  0%| F|  |TAMS 0x000000008d100000| PB 0x000000008d100000| Untracked 
|  18|0x000000008d200000, 0x000000008d200000, 0x000000008d300000|  0%| F|  |TAMS 0x000000008d200000| PB 0x000000008d200000| Untracked 
|  19|0x000000008d300000, 0x000000008d300000, 0x000000008d400000|  0%| F|  |TAMS 0x000000008d300000| PB 0x000000008d300000| Untracked 
|  20|0x000000008d400000, 0x000000008d400000, 0x000000008d500000|  0%| F|  |TAMS 0x000000008d400000| PB 0x000000008d400000| Untracked 
|  21|0x000000008d500000, 0x000000008d500000, 0x000000008d600000|  0%| F|  |TAMS 0x000000008d500000| PB 0x000000008d500000| Untracked 
|  22|0x000000008d600000, 0x000000008d600000, 0x000000008d700000|  0%| F|  |TAMS 0x000000008d600000| PB 0x000000008d600000| Untracked 
|  23|0x000000008d700000, 0x000000008d700000, 0x000000008d800000|  0%| F|  |TAMS 0x000000008d700000| PB 0x000000008d700000| Untracked 
|  24|0x000000008d800000, 0x000000008d800000, 0x000000008d900000|  0%| F|  |TAMS 0x000000008d800000| PB 0x000000008d800000| Untracked 
|  25|0x000000008d900000, 0x000000008d900000, 0x000000008da00000|  0%| F|  |TAMS 0x000000008d900000| PB 0x000000008d900000| Untracked 
|  26|0x000000008da00000, 0x000000008da00000, 0x000000008db00000|  0%| F|  |TAMS 0x000000008da00000| PB 0x000000008da00000| Untracked 
|  27|0x000000008db00000, 0x000000008db00000, 0x000000008dc00000|  0%| F|  |TAMS 0x000000008db00000| PB 0x000000008db00000| Untracked 
|  28|0x000000008dc00000, 0x000000008dc00000, 0x000000008dd00000|  0%| F|  |TAMS 0x000000008dc00000| PB 0x000000008dc00000| Untracked 
|  29|0x000000008dd00000, 0x000000008dd00000, 0x000000008de00000|  0%| F|  |TAMS 0x000000008dd00000| PB 0x000000008dd00000| Untracked 
|  30|0x000000008de00000, 0x000000008de00000, 0x000000008df00000|  0%| F|  |TAMS 0x000000008de00000| PB 0x000000008de00000| Untracked 
|  31|0x000000008df00000, 0x000000008df00000, 0x000000008e000000|  0%| F|  |TAMS 0x000000008df00000| PB 0x000000008df00000| Untracked 
|  32|0x000000008e000000, 0x000000008e000000, 0x000000008e100000|  0%| F|  |TAMS 0x000000008e000000| PB 0x000000008e000000| Untracked 
|  33|0x000000008e100000, 0x000000008e100000, 0x000000008e200000|  0%| F|  |TAMS 0x000000008e100000| PB 0x000000008e100000| Untracked 
|  34|0x000000008e200000, 0x000000008e200000, 0x000000008e300000|  0%| F|  |TAMS 0x000000008e200000| PB 0x000000008e200000| Untracked 
|  35|0x000000008e300000, 0x000000008e300000, 0x000000008e400000|  0%| F|  |TAMS 0x000000008e300000| PB 0x000000008e300000| Untracked 
|  36|0x000000008e400000, 0x000000008e400000, 0x000000008e500000|  0%| F|  |TAMS 0x000000008e400000| PB 0x000000008e400000| Untracked 
|  37|0x000000008e500000, 0x000000008e500000, 0x000000008e600000|  0%| F|  |TAMS 0x000000008e500000| PB 0x000000008e500000| Untracked 
|  38|0x000000008e600000, 0x000000008e600000, 0x000000008e700000|  0%| F|  |TAMS 0x000000008e600000| PB 0x000000008e600000| Untracked 
|  39|0x000000008e700000, 0x000000008e700000, 0x000000008e800000|  0%| F|  |TAMS 0x000000008e700000| PB 0x000000008e700000| Untracked 
|  40|0x000000008e800000, 0x000000008e800000, 0x000000008e900000|  0%| F|  |TAMS 0x000000008e800000| PB 0x000000008e800000| Untracked 
|  41|0x000000008e900000, 0x000000008e900000, 0x000000008ea00000|  0%| F|  |TAMS 0x000000008e900000| PB 0x000000008e900000| Untracked 
|  42|0x000000008ea00000, 0x000000008ea00000, 0x000000008eb00000|  0%| F|  |TAMS 0x000000008ea00000| PB 0x000000008ea00000| Untracked 
|  43|0x000000008eb00000, 0x000000008eb00000, 0x000000008ec00000|  0%| F|  |TAMS 0x000000008eb00000| PB 0x000000008eb00000| Untracked 
|  44|0x000000008ec00000, 0x000000008ec00000, 0x000000008ed00000|  0%| F|  |TAMS 0x000000008ec00000| PB 0x000000008ec00000| Untracked 
|  45|0x000000008ed00000, 0x000000008ed00000, 0x000000008ee00000|  0%| F|  |TAMS 0x000000008ed00000| PB 0x000000008ed00000| Untracked 
|  46|0x000000008ee00000, 0x000000008ee00000, 0x000000008ef00000|  0%| F|  |TAMS 0x000000008ee00000| PB 0x000000008ee00000| Untracked 
|  47|0x000000008ef00000, 0x000000008ef00000, 0x000000008f000000|  0%| F|  |TAMS 0x000000008ef00000| PB 0x000000008ef00000| Untracked 
|  48|0x000000008f000000, 0x000000008f000000, 0x000000008f100000|  0%| F|  |TAMS 0x000000008f000000| PB 0x000000008f000000| Untracked 
|  49|0x000000008f100000, 0x000000008f100000, 0x000000008f200000|  0%| F|  |TAMS 0x000000008f100000| PB 0x000000008f100000| Untracked 
|  50|0x000000008f200000, 0x000000008f200000, 0x000000008f300000|  0%| F|  |TAMS 0x000000008f200000| PB 0x000000008f200000| Untracked 
|  51|0x000000008f300000, 0x000000008f300000, 0x000000008f400000|  0%| F|  |TAMS 0x000000008f300000| PB 0x000000008f300000| Untracked 
|  52|0x000000008f400000, 0x000000008f400000, 0x000000008f500000|  0%| F|  |TAMS 0x000000008f400000| PB 0x000000008f400000| Untracked 
|  53|0x000000008f500000, 0x000000008f500000, 0x000000008f600000|  0%| F|  |TAMS 0x000000008f500000| PB 0x000000008f500000| Untracked 
|  54|0x000000008f600000, 0x000000008f600000, 0x000000008f700000|  0%| F|  |TAMS 0x000000008f600000| PB 0x000000008f600000| Untracked 
|  55|0x000000008f700000, 0x000000008f700000, 0x000000008f800000|  0%| F|  |TAMS 0x000000008f700000| PB 0x000000008f700000| Untracked 
|  56|0x000000008f800000, 0x000000008f800000, 0x000000008f900000|  0%| F|  |TAMS 0x000000008f800000| PB 0x000000008f800000| Untracked 
|  57|0x000000008f900000, 0x000000008f900000, 0x000000008fa00000|  0%| F|  |TAMS 0x000000008f900000| PB 0x000000008f900000| Untracked 
|  58|0x000000008fa00000, 0x000000008fa00000, 0x000000008fb00000|  0%| F|  |TAMS 0x000000008fa00000| PB 0x000000008fa00000| Untracked 
|  59|0x000000008fb00000, 0x000000008fb00000, 0x000000008fc00000|  0%| F|  |TAMS 0x000000008fb00000| PB 0x000000008fb00000| Untracked 
|  60|0x000000008fc00000, 0x000000008fc00000, 0x000000008fd00000|  0%| F|  |TAMS 0x000000008fc00000| PB 0x000000008fc00000| Untracked 
|  61|0x000000008fd00000, 0x000000008fd00000, 0x000000008fe00000|  0%| F|  |TAMS 0x000000008fd00000| PB 0x000000008fd00000| Untracked 
|  62|0x000000008fe00000, 0x000000008fe00000, 0x000000008ff00000|  0%| F|  |TAMS 0x000000008fe00000| PB 0x000000008fe00000| Untracked 
|  63|0x000000008ff00000, 0x000000008ff00000, 0x0000000090000000|  0%| F|  |TAMS 0x000000008ff00000| PB 0x000000008ff00000| Untracked 
|  64|0x0000000090000000, 0x0000000090000000, 0x0000000090100000|  0%| F|  |TAMS 0x0000000090000000| PB 0x0000000090000000| Untracked 
|  65|0x0000000090100000, 0x0000000090100000, 0x0000000090200000|  0%| F|  |TAMS 0x0000000090100000| PB 0x0000000090100000| Untracked 
|  66|0x0000000090200000, 0x0000000090200000, 0x0000000090300000|  0%| F|  |TAMS 0x0000000090200000| PB 0x0000000090200000| Untracked 
|  67|0x0000000090300000, 0x0000000090300000, 0x0000000090400000|  0%| F|  |TAMS 0x0000000090300000| PB 0x0000000090300000| Untracked 
|  68|0x0000000090400000, 0x0000000090400000, 0x0000000090500000|  0%| F|  |TAMS 0x0000000090400000| PB 0x0000000090400000| Untracked 
|  69|0x0000000090500000, 0x0000000090500000, 0x0000000090600000|  0%| F|  |TAMS 0x0000000090500000| PB 0x0000000090500000| Untracked 
|  70|0x0000000090600000, 0x0000000090600000, 0x0000000090700000|  0%| F|  |TAMS 0x0000000090600000| PB 0x0000000090600000| Untracked 
|  71|0x0000000090700000, 0x0000000090700000, 0x0000000090800000|  0%| F|  |TAMS 0x0000000090700000| PB 0x0000000090700000| Untracked 
|  72|0x0000000090800000, 0x0000000090800000, 0x0000000090900000|  0%| F|  |TAMS 0x0000000090800000| PB 0x0000000090800000| Untracked 
|  73|0x0000000090900000, 0x0000000090900000, 0x0000000090a00000|  0%| F|  |TAMS 0x0000000090900000| PB 0x0000000090900000| Untracked 
|  74|0x0000000090a00000, 0x0000000090a00000, 0x0000000090b00000|  0%| F|  |TAMS 0x0000000090a00000| PB 0x0000000090a00000| Untracked 
|  75|0x0000000090b00000, 0x0000000090b00000, 0x0000000090c00000|  0%| F|  |TAMS 0x0000000090b00000| PB 0x0000000090b00000| Untracked 
|  76|0x0000000090c00000, 0x0000000090c00000, 0x0000000090d00000|  0%| F|  |TAMS 0x0000000090c00000| PB 0x0000000090c00000| Untracked 
|  77|0x0000000090d00000, 0x0000000090d00000, 0x0000000090e00000|  0%| F|  |TAMS 0x0000000090d00000| PB 0x0000000090d00000| Untracked 
|  78|0x0000000090e00000, 0x0000000090e00000, 0x0000000090f00000|  0%| F|  |TAMS 0x0000000090e00000| PB 0x0000000090e00000| Untracked 
|  79|0x0000000090f00000, 0x0000000090f00000, 0x0000000091000000|  0%| F|  |TAMS 0x0000000090f00000| PB 0x0000000090f00000| Untracked 
|  80|0x0000000091000000, 0x0000000091000000, 0x0000000091100000|  0%| F|  |TAMS 0x0000000091000000| PB 0x0000000091000000| Untracked 
|  81|0x0000000091100000, 0x0000000091100000, 0x0000000091200000|  0%| F|  |TAMS 0x0000000091100000| PB 0x0000000091100000| Untracked 
|  82|0x0000000091200000, 0x0000000091200000, 0x0000000091300000|  0%| F|  |TAMS 0x0000000091200000| PB 0x0000000091200000| Untracked 
|  83|0x0000000091300000, 0x0000000091300000, 0x0000000091400000|  0%| F|  |TAMS 0x0000000091300000| PB 0x0000000091300000| Untracked 
|  84|0x0000000091400000, 0x0000000091400000, 0x0000000091500000|  0%| F|  |TAMS 0x0000000091400000| PB 0x0000000091400000| Untracked 
|  85|0x0000000091500000, 0x0000000091500000, 0x0000000091600000|  0%| F|  |TAMS 0x0000000091500000| PB 0x0000000091500000| Untracked 
|  86|0x0000000091600000, 0x0000000091600000, 0x0000000091700000|  0%| F|  |TAMS 0x0000000091600000| PB 0x0000000091600000| Untracked 
|  87|0x0000000091700000, 0x0000000091700000, 0x0000000091800000|  0%| F|  |TAMS 0x0000000091700000| PB 0x0000000091700000| Untracked 
|  88|0x0000000091800000, 0x0000000091800000, 0x0000000091900000|  0%| F|  |TAMS 0x0000000091800000| PB 0x0000000091800000| Untracked 
|  89|0x0000000091900000, 0x0000000091900000, 0x0000000091a00000|  0%| F|  |TAMS 0x0000000091900000| PB 0x0000000091900000| Untracked 
|  90|0x0000000091a00000, 0x0000000091a00000, 0x0000000091b00000|  0%| F|  |TAMS 0x0000000091a00000| PB 0x0000000091a00000| Untracked 
|  91|0x0000000091b00000, 0x0000000091b00000, 0x0000000091c00000|  0%| F|  |TAMS 0x0000000091b00000| PB 0x0000000091b00000| Untracked 
|  92|0x0000000091c00000, 0x0000000091c00000, 0x0000000091d00000|  0%| F|  |TAMS 0x0000000091c00000| PB 0x0000000091c00000| Untracked 
|  93|0x0000000091d00000, 0x0000000091d00000, 0x0000000091e00000|  0%| F|  |TAMS 0x0000000091d00000| PB 0x0000000091d00000| Untracked 
|  94|0x0000000091e00000, 0x0000000091e00000, 0x0000000091f00000|  0%| F|  |TAMS 0x0000000091e00000| PB 0x0000000091e00000| Untracked 
|  95|0x0000000091f00000, 0x0000000091f00000, 0x0000000092000000|  0%| F|  |TAMS 0x0000000091f00000| PB 0x0000000091f00000| Untracked 
|  96|0x0000000092000000, 0x0000000092100000, 0x0000000092100000|100%| E|  |TAMS 0x0000000092000000| PB 0x0000000092000000| Complete 
|  97|0x0000000092100000, 0x0000000092200000, 0x0000000092200000|100%| E|CS|TAMS 0x0000000092100000| PB 0x0000000092100000| Complete 
|  98|0x0000000092200000, 0x0000000092300000, 0x0000000092300000|100%| E|CS|TAMS 0x0000000092200000| PB 0x0000000092200000| Complete 
|  99|0x0000000092300000, 0x0000000092400000, 0x0000000092400000|100%| E|CS|TAMS 0x0000000092300000| PB 0x0000000092300000| Complete 
| 100|0x0000000092400000, 0x0000000092500000, 0x0000000092500000|100%| E|CS|TAMS 0x0000000092400000| PB 0x0000000092400000| Complete 
| 101|0x0000000092500000, 0x0000000092600000, 0x0000000092600000|100%| E|CS|TAMS 0x0000000092500000| PB 0x0000000092500000| Complete 
| 102|0x0000000092600000, 0x0000000092700000, 0x0000000092700000|100%| E|CS|TAMS 0x0000000092600000| PB 0x0000000092600000| Complete 
| 103|0x0000000092700000, 0x0000000092800000, 0x0000000092800000|100%| E|CS|TAMS 0x0000000092700000| PB 0x0000000092700000| Complete 
| 104|0x0000000092800000, 0x0000000092900000, 0x0000000092900000|100%| E|CS|TAMS 0x0000000092800000| PB 0x0000000092800000| Complete 
| 105|0x0000000092900000, 0x0000000092a00000, 0x0000000092a00000|100%| E|CS|TAMS 0x0000000092900000| PB 0x0000000092900000| Complete 
| 106|0x0000000092a00000, 0x0000000092b00000, 0x0000000092b00000|100%| E|CS|TAMS 0x0000000092a00000| PB 0x0000000092a00000| Complete 
| 107|0x0000000092b00000, 0x0000000092c00000, 0x0000000092c00000|100%| E|CS|TAMS 0x0000000092b00000| PB 0x0000000092b00000| Complete 
| 108|0x0000000092c00000, 0x0000000092d00000, 0x0000000092d00000|100%| E|CS|TAMS 0x0000000092c00000| PB 0x0000000092c00000| Complete 
| 109|0x0000000092d00000, 0x0000000092e00000, 0x0000000092e00000|100%| E|CS|TAMS 0x0000000092d00000| PB 0x0000000092d00000| Complete 
| 110|0x0000000092e00000, 0x0000000092f00000, 0x0000000092f00000|100%| E|CS|TAMS 0x0000000092e00000| PB 0x0000000092e00000| Complete 
| 111|0x0000000092f00000, 0x0000000093000000, 0x0000000093000000|100%| E|CS|TAMS 0x0000000092f00000| PB 0x0000000092f00000| Complete 
| 112|0x0000000093000000, 0x0000000093100000, 0x0000000093100000|100%| E|CS|TAMS 0x0000000093000000| PB 0x0000000093000000| Complete 
| 113|0x0000000093100000, 0x0000000093200000, 0x0000000093200000|100%| E|CS|TAMS 0x0000000093100000| PB 0x0000000093100000| Complete 
| 114|0x0000000093200000, 0x0000000093300000, 0x0000000093300000|100%| E|CS|TAMS 0x0000000093200000| PB 0x0000000093200000| Complete 
| 115|0x0000000093300000, 0x0000000093400000, 0x0000000093400000|100%| E|CS|TAMS 0x0000000093300000| PB 0x0000000093300000| Complete 

Card table byte_map: [0x0000019c79470000,0x0000019c79810000] _byte_map_base: 0x0000019c79010000

Marking Bits: (CMBitMap*) 0x0000019c6642df00
 Bits: [0x0000019c79810000, 0x0000019c7b510000)

Polling page: 0x0000019c644c0000

Metaspace:

Usage:
  Non-class:      7.34 MB used.
      Class:    976.04 KB used.
       Both:      8.29 MB used.

Virtual space:
  Non-class space:       64.00 MB reserved,       7.44 MB ( 12%) committed,  1 nodes.
      Class space:        1.00 GB reserved,       1.06 MB ( <1%) committed,  1 nodes.
             Both:        1.06 GB reserved,       8.50 MB ( <1%) committed. 

Chunk freelists:
   Non-Class:  8.42 MB
       Class:  14.97 MB
        Both:  23.39 MB

MaxMetaspaceSize: unlimited
CompressedClassSpaceSize: 1.00 GB
Initial GC threshold: 21.00 MB
Current GC threshold: 21.00 MB
CDS: on
 - commit_granule_bytes: 65536.
 - commit_granule_words: 8192.
 - virtual_space_node_default_size: 8388608.
 - enlarge_chunks_in_place: 1.
 - use_allocation_guard: 0.


Internal statistics:

num_allocs_failed_limit: 0.
num_arena_births: 152.
num_arena_deaths: 0.
num_vsnodes_births: 2.
num_vsnodes_deaths: 0.
num_space_committed: 136.
num_space_uncommitted: 0.
num_chunks_returned_to_freelist: 0.
num_chunks_taken_from_freelist: 205.
num_chunk_merges: 0.
num_chunk_splits: 119.
num_chunks_enlarged: 49.
num_inconsistent_stats: 0.

CodeHeap 'non-profiled nmethods': size=120000Kb used=387Kb max_used=387Kb free=119613Kb
 bounds [0x0000019c71860000, 0x0000019c71ad0000, 0x0000019c78d90000]
CodeHeap 'profiled nmethods': size=120000Kb used=1816Kb max_used=1816Kb free=118183Kb
 bounds [0x0000019c69d90000, 0x0000019c6a000000, 0x0000019c712c0000]
CodeHeap 'non-nmethods': size=5760Kb used=1492Kb max_used=1511Kb free=4267Kb
 bounds [0x0000019c712c0000, 0x0000019c71530000, 0x0000019c71860000]
CodeCache: size=245760Kb, used=3695Kb, max_used=3714Kb, free=242063Kb
 total_blobs=1777, nmethods=1126, adapters=556, full_count=0
Compilation: enabled, stopped_count=0, restarted_count=0

Compilation events (20 events):
Event: 4.999 Thread 0x0000019c7df603b0 nmethod 1124 0x0000019c69f54e90 code [0x0000019c69f55040, 0x0000019c69f552b0]
Event: 5.000 Thread 0x0000019c7df603b0 1125       3       java.lang.String::getChars (55 bytes)
Event: 5.000 Thread 0x0000019c7df603b0 nmethod 1125 0x0000019c69f55390 code [0x0000019c69f555c0, 0x0000019c69f55cc8]
Event: 5.000 Thread 0x0000019c7df603b0 1126       3       java.lang.StringLatin1::getChars (12 bytes)
Event: 5.000 Thread 0x0000019c7df603b0 nmethod 1126 0x0000019c69f56010 code [0x0000019c69f561c0, 0x0000019c69f562e8]
Event: 5.002 Thread 0x0000019c7df603b0 1127       1       java.net.URL::getHost (5 bytes)
Event: 5.002 Thread 0x0000019c7df603b0 nmethod 1127 0x0000019c718b8e10 code [0x0000019c718b8fa0, 0x0000019c718b9068]
Event: 7.025 Thread 0x0000019c7f05f5a0 nmethod 1005% 0x0000019c718b9110 code [0x0000019c718b95a0, 0x0000019c718bcbd8]
Event: 7.026 Thread 0x0000019c7f05f5a0 1013       4       java.util.HashMap::getNode (150 bytes)
Event: 7.028 Thread 0x0000019c7f05f5a0 nmethod 1013 0x0000019c718bef90 code [0x0000019c718bf140, 0x0000019c718bf458]
Event: 7.028 Thread 0x0000019c7f05f5a0  998       4       java.io.BufferedInputStream::getBufIfOpen (6 bytes)
Event: 7.030 Thread 0x0000019c7f05f5a0 nmethod 998 0x0000019c718bf690 code [0x0000019c718bf820, 0x0000019c718bfb00]
Event: 7.030 Thread 0x0000019c7f05f5a0 1021       4       java.nio.Buffer::nextGetIndex (30 bytes)
Event: 7.030 Thread 0x0000019c7f05f5a0 nmethod 1021 0x0000019c718bfc10 code [0x0000019c718bfda0, 0x0000019c718bfe58]
Event: 7.030 Thread 0x0000019c7f05f5a0 1057       4       java.util.concurrent.locks.ReentrantLock::lock (8 bytes)
Event: 7.032 Thread 0x0000019c7f05f5a0 nmethod 1057 0x0000019c718bff10 code [0x0000019c718c00c0, 0x0000019c718c0350]
Event: 7.032 Thread 0x0000019c7f05f5a0 1059       4       java.util.concurrent.locks.ReentrantLock::unlock (10 bytes)
Event: 7.033 Thread 0x0000019c7f05f5a0 nmethod 1059 0x0000019c718c0490 code [0x0000019c718c0620, 0x0000019c718c0780]
Event: 7.033 Thread 0x0000019c7f05f5a0 1003       4       java.util.zip.Inflater::ensureOpen (47 bytes)
Event: 7.033 Thread 0x0000019c7f05f5a0 nmethod 1003 0x0000019c718c0910 code [0x0000019c718c0aa0, 0x0000019c718c0b70]

GC Heap History (0 events):
No events

Dll operation events (9 events):
Event: 0.011 Loaded shared library C:\Users\selen\Downloads\eclipse-java-2025-12-R-win32-x86_64\eclipse\plugins\org.eclipse.justj.openjdk.hotspot.jre.full.win32.x86_64_21.0.10.v20260205-0638\jre\bin\java.dll
Event: 0.038 Loaded shared library C:\Users\selen\Downloads\eclipse-java-2025-12-R-win32-x86_64\eclipse\plugins\org.eclipse.justj.openjdk.hotspot.jre.full.win32.x86_64_21.0.10.v20260205-0638\jre\bin\zip.dll
Event: 0.087 Loaded shared library C:\Users\selen\Downloads\eclipse-java-2025-12-R-win32-x86_64\eclipse\plugins\org.eclipse.justj.openjdk.hotspot.jre.full.win32.x86_64_21.0.10.v20260205-0638\jre\bin\jimage.dll
Event: 0.094 Loaded shared library C:\Users\selen\Downloads\eclipse-java-2025-12-R-win32-x86_64\eclipse\plugins\org.eclipse.justj.openjdk.hotspot.jre.full.win32.x86_64_21.0.10.v20260205-0638\jre\bin\net.dll
Event: 0.096 Loaded shared library C:\Users\selen\Downloads\eclipse-java-2025-12-R-win32-x86_64\eclipse\plugins\org.eclipse.justj.openjdk.hotspot.jre.full.win32.x86_64_21.0.10.v20260205-0638\jre\bin\nio.dll
Event: 0.100 Loaded shared library C:\Users\selen\Downloads\eclipse-java-2025-12-R-win32-x86_64\eclipse\plugins\org.eclipse.justj.openjdk.hotspot.jre.full.win32.x86_64_21.0.10.v20260205-0638\jre\bin\zip.dll
Event: 0.136 Loaded shared library C:\Users\selen\Downloads\eclipse-java-2025-12-R-win32-x86_64\eclipse\plugins\org.eclipse.justj.openjdk.hotspot.jre.full.win32.x86_64_21.0.10.v20260205-0638\jre\bin\awt.dll
Event: 0.629 Loaded shared library C:\Users\selen\Downloads\eclipse-java-2025-12-R-win32-x86_64\eclipse\plugins\org.eclipse.justj.openjdk.hotspot.jre.full.win32.x86_64_21.0.10.v20260205-0638\jre\bin\freetype.dll
Event: 0.630 Loaded shared library C:\Users\selen\Downloads\eclipse-java-2025-12-R-win32-x86_64\eclipse\plugins\org.eclipse.justj.openjdk.hotspot.jre.full.win32.x86_64_21.0.10.v20260205-0638\jre\bin\fontmanager.dll

Deoptimization events (20 events):
Event: 2.850 Thread 0x0000019c7f028400 DEOPT PACKING pc=0x0000019c69f1af9d sp=0x000000236a4fee20
Event: 2.850 Thread 0x0000019c7f028400 DEOPT UNPACKING pc=0x0000019c71314bc2 sp=0x000000236a4fe2c0 mode 0
Event: 2.850 Thread 0x0000019c7f028400 DEOPT PACKING pc=0x0000019c69ea8fa7 sp=0x000000236a4fe890
Event: 2.850 Thread 0x0000019c7f028400 DEOPT UNPACKING pc=0x0000019c71314bc2 sp=0x000000236a4fdd30 mode 0
Event: 2.851 Thread 0x0000019c7f028400 DEOPT PACKING pc=0x0000019c69f1af9d sp=0x000000236a4fee20
Event: 2.851 Thread 0x0000019c7f028400 DEOPT UNPACKING pc=0x0000019c71314bc2 sp=0x000000236a4fe2c0 mode 0
Event: 2.852 Thread 0x0000019c7f028400 DEOPT PACKING pc=0x0000019c69f1af9d sp=0x000000236a4fee20
Event: 2.852 Thread 0x0000019c7f028400 DEOPT UNPACKING pc=0x0000019c71314bc2 sp=0x000000236a4fe2c0 mode 0
Event: 2.853 Thread 0x0000019c7f028400 DEOPT PACKING pc=0x0000019c69ea8fa7 sp=0x000000236a4fe890
Event: 2.853 Thread 0x0000019c7f028400 DEOPT UNPACKING pc=0x0000019c71314bc2 sp=0x000000236a4fdd30 mode 0
Event: 2.855 Thread 0x0000019c7f028400 DEOPT PACKING pc=0x0000019c69f1af9d sp=0x000000236a4fee20
Event: 2.855 Thread 0x0000019c7f028400 DEOPT UNPACKING pc=0x0000019c71314bc2 sp=0x000000236a4fe2c0 mode 0
Event: 2.855 Thread 0x0000019c7f028400 DEOPT PACKING pc=0x0000019c69f1af9d sp=0x000000236a4fee20
Event: 2.855 Thread 0x0000019c7f028400 DEOPT UNPACKING pc=0x0000019c71314bc2 sp=0x000000236a4fe2c0 mode 0
Event: 2.855 Thread 0x0000019c7f028400 DEOPT PACKING pc=0x0000019c69f1af9d sp=0x000000236a4fee20
Event: 2.855 Thread 0x0000019c7f028400 DEOPT UNPACKING pc=0x0000019c71314bc2 sp=0x000000236a4fe2c0 mode 0
Event: 4.962 Thread 0x0000019c64044a00 Uncommon trap: trap_request=0xffffff76 fr.pc=0x0000019c718b1f38 relative=0x0000000000000218
Event: 4.962 Thread 0x0000019c64044a00 Uncommon trap: reason=predicate action=maybe_recompile pc=0x0000019c718b1f38 method=java.util.ArrayList.indexOfRange(Ljava/lang/Object;II)I @ 45 c2
Event: 4.962 Thread 0x0000019c64044a00 DEOPT PACKING pc=0x0000019c718b1f38 sp=0x00000023688ff410
Event: 4.962 Thread 0x0000019c64044a00 DEOPT UNPACKING pc=0x0000019c71314422 sp=0x00000023688ff388 mode 2

Classes loaded (20 events):
Event: 4.936 Loading class javax/swing/plaf/metal/MetalTextFieldUI
Event: 4.936 Loading class javax/swing/plaf/basic/BasicTextFieldUI
Event: 4.936 Loading class javax/swing/plaf/basic/BasicTextFieldUI done
Event: 4.936 Loading class javax/swing/plaf/metal/MetalTextFieldUI done
Event: 4.937 Loading class javax/swing/plaf/metal/MetalBorders$TextFieldBorder
Event: 4.937 Loading class javax/swing/plaf/metal/MetalBorders$Flush3DBorder
Event: 4.937 Loading class javax/swing/plaf/metal/MetalBorders$Flush3DBorder done
Event: 4.937 Loading class javax/swing/plaf/metal/MetalBorders$TextFieldBorder done
Event: 4.937 Loading class javax/swing/text/FieldView
Event: 4.937 Loading class javax/swing/text/FieldView done
Event: 4.938 Loading class javax/swing/JEditorPane
Event: 4.939 Loading class javax/swing/JEditorPane done
Event: 4.939 Loading class javax/swing/DefaultBoundedRangeModel
Event: 4.939 Loading class javax/swing/BoundedRangeModel
Event: 4.939 Loading class javax/swing/BoundedRangeModel done
Event: 4.939 Loading class javax/swing/DefaultBoundedRangeModel done
Event: 4.939 Loading class javax/swing/JTextField$ScrollRepainter
Event: 4.939 Loading class javax/swing/JTextField$ScrollRepainter done
Event: 4.941 Loading class javax/swing/event/ChangeEvent
Event: 4.941 Loading class javax/swing/event/ChangeEvent done

Classes unloaded (0 events):
No events

Classes redefined (0 events):
No events

Internal exceptions (14 events):
Event: 0.122 Thread 0x0000019c64044a00 Exception <a 'java/lang/ClassNotFoundException'{0x000000009315ebc8}: sun/awt/resources/spi/awtProvider> (0x000000009315ebc8) 
thrown [s\src\hotspot\share\classfile\systemDictionary.cpp, line 312]
Event: 0.151 Thread 0x0000019c64044a00 Exception <a 'java/io/FileNotFoundException'{0x00000000931bac10}> (0x00000000931bac10) 
thrown [s\src\hotspot\share\prims\jni.cpp, line 520]
Event: 0.159 Thread 0x0000019c64044a00 Exception <a 'java/io/FileNotFoundException'{0x00000000931e55e8}> (0x00000000931e55e8) 
thrown [s\src\hotspot\share\prims\jni.cpp, line 520]
Event: 0.334 Thread 0x0000019c64044a00 Exception <a 'java/lang/NoSuchMethodError'{0x0000000092f0fa48}: 'void java.lang.invoke.DirectMethodHandle$Holder.invokeSpecial(java.lang.Object, java.lang.Object, java.lang.Object)'> (0x0000000092f0fa48) 
thrown [s\src\hotspot\share\interpreter\linkResolver.cpp, line 773]
Event: 0.341 Thread 0x0000019c64044a00 Exception <a 'java/lang/NoSuchMethodError'{0x0000000092f35d58}: 'java.lang.Object java.lang.invoke.DirectMethodHandle$Holder.newInvokeSpecial(java.lang.Object, java.lang.Object, java.lang.Object, java.lang.Object, java.lang.Object)'> (0x0000000092f35d58) 
thrown [s\src\hotspot\share\interpreter\linkResolver.cpp, line 773]
Event: 0.346 Thread 0x0000019c64044a00 Exception <a 'java/lang/NoSuchMethodError'{0x0000000092f624b8}: 'java.lang.Object java.lang.invoke.DirectMethodHandle$Holder.invokeStatic(java.lang.Object, int, java.lang.Object)'> (0x0000000092f624b8) 
thrown [s\src\hotspot\share\interpreter\linkResolver.cpp, line 773]
Event: 0.363 Thread 0x0000019c64044a00 Exception <a 'java/lang/ClassNotFoundException'{0x0000000092e039a8}: com/sun/swing/internal/plaf/metal/resources/spi/metalProvider> (0x0000000092e039a8) 
thrown [s\src\hotspot\share\classfile\systemDictionary.cpp, line 312]
Event: 0.364 Thread 0x0000019c64044a00 Exception <a 'java/lang/ClassNotFoundException'{0x0000000092e07978}: com/sun/swing/internal/plaf/basic/resources/spi/basicProvider> (0x0000000092e07978) 
thrown [s\src\hotspot\share\classfile\systemDictionary.cpp, line 312]
Event: 0.373 Thread 0x0000019c64044a00 Exception <a 'java/lang/NoSuchMethodError'{0x0000000092e27908}: 'int java.lang.invoke.Invokers$Holder.invokeExact_MT(java.lang.Object, java.lang.Object)'> (0x0000000092e27908) 
thrown [s\src\hotspot\share\interpreter\linkResolver.cpp, line 773]
Event: 0.441 Thread 0x0000019c7f028400 Exception <a 'java/lang/NoSuchMethodError'{0x0000000092c3afd8}: 'java.lang.Object java.lang.invoke.DirectMethodHandle$Holder.newInvokeSpecial(java.lang.Object, java.lang.Object, java.lang.Object, int, int, int, int, int)'> (0x0000000092c3afd8) 
thrown [s\src\hotspot\share\interpreter\linkResolver.cpp, line 773]
Event: 0.608 Thread 0x0000019c7e346420 Exception <a 'java/lang/NoSuchMethodError'{0x00000000930fa070}: 'void java.lang.invoke.DirectMethodHandle$Holder.invokeVirtual(java.lang.Object, java.lang.Object)'> (0x00000000930fa070) 
thrown [s\src\hotspot\share\interpreter\linkResolver.cpp, line 773]
Event: 0.622 Thread 0x0000019c64044a00 Exception <a 'java/lang/NoSuchMethodError'{0x0000000092e5a680}: 'void java.lang.invoke.DirectMethodHandle$Holder.invokeStaticInit(java.lang.Object)'> (0x0000000092e5a680) 
thrown [s\src\hotspot\share\interpreter\linkResolver.cpp, line 773]
Event: 0.692 Thread 0x0000019c64044a00 Exception <a 'java/io/FileNotFoundException'{0x00000000925a12f8}> (0x00000000925a12f8) 
thrown [s\src\hotspot\share\prims\jni.cpp, line 520]
Event: 0.706 Thread 0x0000019c64044a00 Exception <a 'java/io/FileNotFoundException'{0x00000000925c6cf8}> (0x00000000925c6cf8) 
thrown [s\src\hotspot\share\prims\jni.cpp, line 520]

ZGC Phase Switch (0 events):
No events

VM Operations (18 events):
Event: 0.106 Executing non-safepoint VM operation: HandshakeAllThreads (Deoptimize)
Event: 0.106 Executing non-safepoint VM operation: HandshakeAllThreads (Deoptimize) done
Event: 0.168 Executing non-safepoint VM operation: HandshakeAllThreads (Deoptimize)
Event: 0.168 Executing non-safepoint VM operation: HandshakeAllThreads (Deoptimize) done
Event: 0.375 Executing non-safepoint VM operation: HandshakeAllThreads (Deoptimize)
Event: 0.376 Executing non-safepoint VM operation: HandshakeAllThreads (Deoptimize) done
Event: 0.419 Executing non-safepoint VM operation: HandshakeAllThreads (Deoptimize)
Event: 0.419 Executing non-safepoint VM operation: HandshakeAllThreads (Deoptimize) done
Event: 1.428 Executing safepoint VM operation: Cleanup
Event: 1.428 Executing safepoint VM operation: Cleanup done
Event: 2.433 Executing safepoint VM operation: Cleanup
Event: 2.433 Executing safepoint VM operation: Cleanup done
Event: 2.871 Executing non-safepoint VM operation: HandshakeAllThreads (Deoptimize)
Event: 2.871 Executing non-safepoint VM operation: HandshakeAllThreads (Deoptimize) done
Event: 3.875 Executing safepoint VM operation: Cleanup
Event: 3.906 Executing safepoint VM operation: Cleanup done
Event: 5.911 Executing safepoint VM operation: Cleanup
Event: 5.911 Executing safepoint VM operation: Cleanup done

Memory protections (0 events):
No events

Nmethod flushes (0 events):
No events

Events (20 events):
Event: 0.039 Thread 0x0000019c64044a00 Thread added: 0x0000019c7df2b6d0
Event: 0.040 Thread 0x0000019c64044a00 Thread added: 0x0000019c7df2f6b0
Event: 0.040 Thread 0x0000019c64044a00 Thread added: 0x0000019c7df30110
Event: 0.040 Thread 0x0000019c64044a00 Thread added: 0x0000019c7df34a00
Event: 0.040 Thread 0x0000019c64044a00 Thread added: 0x0000019c7df39770
Event: 0.040 Thread 0x0000019c64044a00 Thread added: 0x0000019c7df5ec70
Event: 0.040 Thread 0x0000019c64044a00 Thread added: 0x0000019c7df603b0
Event: 0.065 Thread 0x0000019c64044a00 Thread added: 0x0000019c7e0a84a0
Event: 0.067 Thread 0x0000019c64044a00 Thread added: 0x0000019c7e0b5d00
Event: 0.215 Thread 0x0000019c64044a00 Thread added: 0x0000019c7e3399f0
Event: 0.217 Thread 0x0000019c64044a00 Thread added: 0x0000019c7e33f2d0
Event: 0.219 Thread 0x0000019c64044a00 Thread added: 0x0000019c7e346420
Event: 0.380 Thread 0x0000019c64044a00 Thread added: 0x0000019c7f028400
Event: 0.409 Thread 0x0000019c7df603b0 Thread added: 0x0000019c7f0610e0
Event: 0.610 Thread 0x0000019c7e346420 Thread added: 0x0000019c7f1173f0
Event: 1.757 Thread 0x0000019c7f0610e0 Thread exited: 0x0000019c7f0610e0
Event: 2.856 Thread 0x0000019c7df603b0 Thread added: 0x0000019c7f05f5a0
Event: 5.004 Thread 0x0000019c64044a00 Thread exited: 0x0000019c64044a00
Event: 5.004 Thread 0x0000019c64044a00 Thread added: 0x0000019c64044a00
Event: 7.870 Thread 0x0000019c7f028400 Thread exited: 0x0000019c7f028400


Dynamic libraries:
0x00007ff79fdd0000 - 0x00007ff79fdde000 	C:\Users\selen\Downloads\eclipse-java-2025-12-R-win32-x86_64\eclipse\plugins\org.eclipse.justj.openjdk.hotspot.jre.full.win32.x86_64_21.0.10.v20260205-0638\jre\bin\javaw.exe
0x00007fff40b20000 - 0x00007fff40d87000 	C:\WINDOWS\SYSTEM32\ntdll.dll
0x00007fff3f3c0000 - 0x00007fff3f489000 	C:\WINDOWS\System32\KERNEL32.DLL
0x00007fff3d820000 - 0x00007fff3dc17000 	C:\WINDOWS\System32\KERNELBASE.dll
0x00007fff3e5d0000 - 0x00007fff3e71b000 	C:\WINDOWS\System32\ucrtbase.dll
0x00007fff20270000 - 0x00007fff20288000 	C:\Users\selen\Downloads\eclipse-java-2025-12-R-win32-x86_64\eclipse\plugins\org.eclipse.justj.openjdk.hotspot.jre.full.win32.x86_64_21.0.10.v20260205-0638\jre\bin\jli.dll
0x00007fff24490000 - 0x00007fff244ae000 	C:\Users\selen\Downloads\eclipse-java-2025-12-R-win32-x86_64\eclipse\plugins\org.eclipse.justj.openjdk.hotspot.jre.full.win32.x86_64_21.0.10.v20260205-0638\jre\bin\VCRUNTIME140.dll
0x00007fff3f6d0000 - 0x00007fff3f896000 	C:\WINDOWS\System32\USER32.dll
0x00007fff21370000 - 0x00007fff21602000 	C:\WINDOWS\WinSxS\amd64_microsoft.windows.common-controls_6595b64144ccf1df_6.0.26100.8457_none_3e0b2faee331e92d\COMCTL32.dll
0x00007fff3d610000 - 0x00007fff3d637000 	C:\WINDOWS\System32\win32u.dll
0x00007fff3ffd0000 - 0x00007fff40079000 	C:\WINDOWS\System32\msvcrt.dll
0x00007fff3fa50000 - 0x00007fff3fa7b000 	C:\WINDOWS\System32\GDI32.dll
0x00007fff3d640000 - 0x00007fff3d76c000 	C:\WINDOWS\System32\gdi32full.dll
0x00007fff3d770000 - 0x00007fff3d813000 	C:\WINDOWS\System32\msvcp_win.dll
0x00007fff3ef30000 - 0x00007fff3ef62000 	C:\WINDOWS\System32\IMM32.DLL
0x00007fff3acc0000 - 0x00007fff3accc000 	C:\Users\selen\Downloads\eclipse-java-2025-12-R-win32-x86_64\eclipse\plugins\org.eclipse.justj.openjdk.hotspot.jre.full.win32.x86_64_21.0.10.v20260205-0638\jre\bin\vcruntime140_1.dll
0x00007fff03fe0000 - 0x00007fff0406d000 	C:\Users\selen\Downloads\eclipse-java-2025-12-R-win32-x86_64\eclipse\plugins\org.eclipse.justj.openjdk.hotspot.jre.full.win32.x86_64_21.0.10.v20260205-0638\jre\bin\msvcp140.dll
0x00007ffe43de0000 - 0x00007ffe44b81000 	C:\Users\selen\Downloads\eclipse-java-2025-12-R-win32-x86_64\eclipse\plugins\org.eclipse.justj.openjdk.hotspot.jre.full.win32.x86_64_21.0.10.v20260205-0638\jre\bin\server\jvm.dll
0x00007fff40080000 - 0x00007fff40136000 	C:\WINDOWS\System32\ADVAPI32.dll
0x00007fff3f8a0000 - 0x00007fff3f947000 	C:\WINDOWS\System32\sechost.dll
0x00007fff3fe10000 - 0x00007fff3ff28000 	C:\WINDOWS\System32\RPCRT4.dll
0x00007fff3ff30000 - 0x00007fff3ffb0000 	C:\WINDOWS\System32\WS2_32.dll
0x00007fff3d3b0000 - 0x00007fff3d40e000 	C:\WINDOWS\SYSTEM32\POWRPROF.dll
0x00007fff33e60000 - 0x00007fff33e96000 	C:\WINDOWS\SYSTEM32\WINMM.dll
0x00007fff2f280000 - 0x00007fff2f28b000 	C:\WINDOWS\SYSTEM32\VERSION.dll
0x00007fff3d390000 - 0x00007fff3d3a4000 	C:\WINDOWS\SYSTEM32\UMPDC.dll
0x00007fff3c2e0000 - 0x00007fff3c2fb000 	C:\WINDOWS\SYSTEM32\kernel.appcore.dll
0x00007fff2c870000 - 0x00007fff2c87a000 	C:\Users\selen\Downloads\eclipse-java-2025-12-R-win32-x86_64\eclipse\plugins\org.eclipse.justj.openjdk.hotspot.jre.full.win32.x86_64_21.0.10.v20260205-0638\jre\bin\jimage.dll
0x00007fff2f870000 - 0x00007fff2fab2000 	C:\WINDOWS\SYSTEM32\DBGHELP.DLL
0x00007fff3ef70000 - 0x00007fff3f2f3000 	C:\WINDOWS\System32\combase.dll
0x00007fff3fa80000 - 0x00007fff3fb59000 	C:\WINDOWS\System32\OLEAUT32.dll
0x00007fff1d020000 - 0x00007fff1d05b000 	C:\WINDOWS\SYSTEM32\dbgcore.DLL
0x00007fff3dcb0000 - 0x00007fff3dd58000 	C:\WINDOWS\System32\bcryptPrimitives.dll
0x00007fff1ade0000 - 0x00007fff1ae00000 	C:\Users\selen\Downloads\eclipse-java-2025-12-R-win32-x86_64\eclipse\plugins\org.eclipse.justj.openjdk.hotspot.jre.full.win32.x86_64_21.0.10.v20260205-0638\jre\bin\java.dll
0x00007fff40150000 - 0x00007fff408be000 	C:\WINDOWS\System32\SHELL32.dll
0x00007fff3dd60000 - 0x00007fff3e5cc000 	C:\WINDOWS\System32\windows.storage.dll
0x00007fff3f950000 - 0x00007fff3fa46000 	C:\WINDOWS\System32\SHCORE.dll
0x00007fff3fbc0000 - 0x00007fff3fc26000 	C:\WINDOWS\System32\shlwapi.dll
0x00007fff3d470000 - 0x00007fff3d499000 	C:\WINDOWS\SYSTEM32\profapi.dll
0x00007fff178a0000 - 0x00007fff178b8000 	C:\Users\selen\Downloads\eclipse-java-2025-12-R-win32-x86_64\eclipse\plugins\org.eclipse.justj.openjdk.hotspot.jre.full.win32.x86_64_21.0.10.v20260205-0638\jre\bin\zip.dll
0x00007fff201f0000 - 0x00007fff20200000 	C:\Users\selen\Downloads\eclipse-java-2025-12-R-win32-x86_64\eclipse\plugins\org.eclipse.justj.openjdk.hotspot.jre.full.win32.x86_64_21.0.10.v20260205-0638\jre\bin\net.dll
0x00007fff32ac0000 - 0x00007fff32be9000 	C:\WINDOWS\SYSTEM32\WINHTTP.dll
0x00007fff3c850000 - 0x00007fff3c8bc000 	C:\WINDOWS\system32\mswsock.dll
0x00007fff0b2d0000 - 0x00007fff0b2e6000 	C:\Users\selen\Downloads\eclipse-java-2025-12-R-win32-x86_64\eclipse\plugins\org.eclipse.justj.openjdk.hotspot.jre.full.win32.x86_64_21.0.10.v20260205-0638\jre\bin\nio.dll
0x00007ffe8da40000 - 0x00007ffe8dbcf000 	C:\Users\selen\Downloads\eclipse-java-2025-12-R-win32-x86_64\eclipse\plugins\org.eclipse.justj.openjdk.hotspot.jre.full.win32.x86_64_21.0.10.v20260205-0638\jre\bin\awt.dll
0x00007fff3ada0000 - 0x00007fff3ae40000 	C:\WINDOWS\SYSTEM32\apphelp.dll
0x00007fff3b2b0000 - 0x00007fff3b2df000 	C:\WINDOWS\system32\DWMAPI.DLL
0x00007fff3afa0000 - 0x00007fff3b04a000 	C:\WINDOWS\system32\uxtheme.dll
0x00007ffece340000 - 0x00007ffece44f000 	C:\WINDOWS\system32\opengl32.dll
0x00007fff1ad60000 - 0x00007fff1ad8d000 	C:\WINDOWS\SYSTEM32\GLU32.dll
0x00007fff3b0f0000 - 0x00007fff3b135000 	C:\WINDOWS\SYSTEM32\dxcore.dll
0x00007fff3e940000 - 0x00007fff3ea9c000 	C:\WINDOWS\System32\MSCTF.dll
0x00007fff408d0000 - 0x00007fff40a67000 	C:\WINDOWS\System32\ole32.dll
0x00007ffed0f80000 - 0x00007ffed1133000 	C:\WINDOWS\system32\d3d9.dll
0x00007fff1aee0000 - 0x00007fff1af00000 	C:\WINDOWS\System32\DriverStore\FileRepository\u0198090.inf_amd64_b02316c71740397d\B025673\atidx9loader64.dll
0x00007ffe57950000 - 0x00007ffe5a06b000 	C:\WINDOWS\System32\DriverStore\FileRepository\u0198090.inf_amd64_b02316c71740397d\B025673\AMDXN64.DLL
0x00007fff3eaa0000 - 0x00007fff3ef27000 	C:\WINDOWS\System32\SETUPAPI.dll
0x00007fff3b140000 - 0x00007fff3b27e000 	C:\WINDOWS\SYSTEM32\dxgi.dll
0x00007fff3d440000 - 0x00007fff3d46a000 	C:\WINDOWS\SYSTEM32\BCrypt.dll
0x00007fff32e80000 - 0x00007fff32ebc000 	C:\WINDOWS\System32\DriverStore\FileRepository\u0198090.inf_amd64_b02316c71740397d\B025673\amdihk64.dll
0x00007fff37af0000 - 0x00007fff37b51000 	C:\WINDOWS\SYSTEM32\directxdatabasehelper.dll
0x00007ffeca9d0000 - 0x00007ffecaa57000 	C:\Users\selen\Downloads\eclipse-java-2025-12-R-win32-x86_64\eclipse\plugins\org.eclipse.justj.openjdk.hotspot.jre.full.win32.x86_64_21.0.10.v20260205-0638\jre\bin\freetype.dll
0x00007ffea9e10000 - 0x00007ffea9f02000 	C:\Users\selen\Downloads\eclipse-java-2025-12-R-win32-x86_64\eclipse\plugins\org.eclipse.justj.openjdk.hotspot.jre.full.win32.x86_64_21.0.10.v20260205-0638\jre\bin\fontmanager.dll
0x00007fff21ab0000 - 0x00007fff21bf6000 	C:\WINDOWS\SYSTEM32\textinputframework.dll
0x00007fff0a290000 - 0x00007fff0a306000 	C:\WINDOWS\system32\Oleacc.dll

JVMTI agents: none

dbghelp: loaded successfully - version: 4.0.5 - missing functions: none
symbol engine: initialized successfully - sym options: 0x614 - pdb path: .;C:\Users\selen\Downloads\eclipse-java-2025-12-R-win32-x86_64\eclipse\plugins\org.eclipse.justj.openjdk.hotspot.jre.full.win32.x86_64_21.0.10.v20260205-0638\jre\bin;C:\WINDOWS\SYSTEM32;C:\WINDOWS\WinSxS\amd64_microsoft.windows.common-controls_6595b64144ccf1df_6.0.26100.8457_none_3e0b2faee331e92d;C:\Users\selen\Downloads\eclipse-java-2025-12-R-win32-x86_64\eclipse\plugins\org.eclipse.justj.openjdk.hotspot.jre.full.win32.x86_64_21.0.10.v20260205-0638\jre\bin\server;C:\WINDOWS\System32\DriverStore\FileRepository\u0198090.inf_amd64_b02316c71740397d\B025673

VM Arguments:
jvm_args: -Dfile.encoding=UTF-8 -Dstdout.encoding=UTF-8 -Dstderr.encoding=UTF-8 -XX:+ShowCodeDetailsInExceptionMessages 
java_command: mcvandfileservice.PlannerApp
java_class_path (initial): C:\Users\selen\git\Planner\bin;C:\Users\selen\Downloads\eclipse-java-2025-12-R-win32-x86_64\eclipse\plugins\junit-jupiter-api_5.14.3.jar;C:\Users\selen\Downloads\eclipse-java-2025-12-R-win32-x86_64\eclipse\plugins\junit-jupiter-engine_5.14.3.jar;C:\Users\selen\Downloads\eclipse-java-2025-12-R-win32-x86_64\eclipse\plugins\junit-jupiter-migrationsupport_5.14.3.jar;C:\Users\selen\Downloads\eclipse-java-2025-12-R-win32-x86_64\eclipse\plugins\junit-jupiter-params_5.14.3.jar;C:\Users\selen\Downloads\eclipse-java-2025-12-R-win32-x86_64\eclipse\plugins\junit-platform-commons_1.14.3.jar;C:\Users\selen\Downloads\eclipse-java-2025-12-R-win32-x86_64\eclipse\plugins\junit-platform-engine_1.14.3.jar;C:\Users\selen\Downloads\eclipse-java-2025-12-R-win32-x86_64\eclipse\plugins\junit-platform-launcher_1.14.3.jar;C:\Users\selen\Downloads\eclipse-java-2025-12-R-win32-x86_64\eclipse\plugins\junit-platform-runner_1.14.3.jar;C:\Users\selen\Downloads\eclipse-java-2025-12-R-win32-x86_64\eclipse\plugins\junit-platform-suite-api_1.14.3.jar;C:\Users\selen\Downloads\eclipse-java-2025-12-R-win32-x86_64\eclipse\plugins\junit-platform-suite-engine_1.14.3.jar;C:\Users\selen\Downloads\eclipse-java-2025-12-R-win32-x86_64\eclipse\plugins\junit-platform-suite-commons_1.14.3.jar;C:\Users\selen\Downloads\eclipse-java-2025-12-R-win32-x86_64\eclipse\plugins\junit-vintage-engine_5.14.3.jar;C:\Users\selen\Downloads\eclipse-java-2025-12-R-win32-x86_64\eclipse\plugins\org.opentest4j_1.3.0.jar;C:\Users\selen\Downloads\eclipse-java-2025-12-R-win32-x86_64\eclipse\plugins\org.apiguardian.api_1.1.2.jar;C:\Users\selen\Downloads\eclipse-java-2025-12-R-win32-x86_64\eclipse\plugins\org.junit_4.13.2.v20240929-1000.jar;C:\Users\selen\Downloads\eclipse-java-2025-12-R-win32-x86_64\eclipse\plugins\org.hamcrest_3.0.0.jar
Launcher Type: SUN_STANDARD

[Global flags]
     intx CICompilerCount                          = 4                                         {product} {ergonomic}
     uint ConcGCThreads                            = 2                                         {product} {ergonomic}
     uint G1ConcRefinementThreads                  = 8                                         {product} {ergonomic}
   size_t G1HeapRegionSize                         = 1048576                                   {product} {ergonomic}
    uintx GCDrainStackTargetSize                   = 64                                        {product} {ergonomic}
   size_t InitialHeapSize                          = 121634816                                 {product} {ergonomic}
   size_t MarkStackSize                            = 4194304                                   {product} {ergonomic}
   size_t MaxHeapSize                              = 1946157056                                {product} {ergonomic}
   size_t MaxNewSize                               = 1167065088                                {product} {ergonomic}
   size_t MinHeapDeltaBytes                        = 1048576                                   {product} {ergonomic}
   size_t MinHeapSize                              = 8388608                                   {product} {ergonomic}
    uintx NonNMethodCodeHeapSize                   = 5839372                                {pd product} {ergonomic}
    uintx NonProfiledCodeHeapSize                  = 122909434                              {pd product} {ergonomic}
    uintx ProfiledCodeHeapSize                     = 122909434                              {pd product} {ergonomic}
    uintx ReservedCodeCacheSize                    = 251658240                              {pd product} {ergonomic}
     bool SegmentedCodeCache                       = true                                      {product} {ergonomic}
     bool ShowCodeDetailsInExceptionMessages       = true                                   {manageable} {command line}
   size_t SoftMaxHeapSize                          = 1946157056                             {manageable} {ergonomic}
     bool UseCompressedOops                        = true                           {product lp64_product} {ergonomic}
     bool UseG1GC                                  = true                                      {product} {ergonomic}
     bool UseLargePagesIndividualAllocation        = false                                  {pd product} {ergonomic}

Logging:
Log output configuration:
 #0: stdout all=warning uptime,level,tags foldmultilines=false
 #1: stderr all=off uptime,level,tags foldmultilines=false

Release file:
JAVA_VERSION="21.0.10" 
MODULES="java.base java.compiler java.datatransfer java.xml java.prefs java.desktop java.instrument java.logging java.management java.security.sasl java.naming java.rmi java.management.rmi java.net.http java.scripting java.security.jgss java.transaction.xa java.sql java.sql.rowset java.xml.crypto java.se java.smartcardio jdk.accessibility jdk.internal.jvmstat jdk.attach jdk.charsets jdk.internal.opt jdk.zipfs jdk.compiler jdk.crypto.ec jdk.crypto.cryptoki jdk.crypto.mscapi jdk.dynalink jdk.internal.ed jdk.editpad jdk.hotspot.agent jdk.httpserver jdk.internal.le jdk.internal.vm.ci jdk.internal.vm.compiler jdk.internal.vm.compiler.management jdk.jartool jdk.javadoc jdk.jcmd jdk.management jdk.management.agent jdk.jconsole jdk.jdeps jdk.jdwp.agent jdk.jdi jdk.jfr jdk.jshell jdk.jsobject jdk.jstatd jdk.localedata jdk.management.jfr jdk.naming.dns jdk.naming.rmi jdk.net jdk.nio.mapmode jdk.random jdk.sctp jdk.security.auth jdk.security.jgss jdk.unsupported jdk.unsupported.desktop jdk.xml.dom" 

Environment Variables:
PATH=C:/Users/selen/Downloads/eclipse-java-2025-12-R-win32-x86_64/eclipse//plugins/org.eclipse.justj.openjdk.hotspot.jre.full.win32.x86_64_21.0.10.v20260205-0638/jre/bin/server;C:/Users/selen/Downloads/eclipse-java-2025-12-R-win32-x86_64/eclipse//plugins/org.eclipse.justj.openjdk.hotspot.jre.full.win32.x86_64_21.0.10.v20260205-0638/jre/bin;C:\windows\system32;C:\windows;C:\windows\System32\Wbem;C:\windows\System32\WindowsPowerShell\v1.0\;C:\windows\System32\OpenSSH\;%SystemRoot%\system32;%SystemRoot%;%SystemRoot%\System32\Wbem;%SYSTEMROOT%\System32\WindowsPowerShell\v1.0\;%SYSTEMROOT%\System32\OpenSSH\;C:\Users\selen\AppData\Local\Microsoft\WindowsApps;;C:\Users\selen\Downloads\eclipse-java-2025-12-R-win32-x86_64\eclipse;
USERNAME=selen
OS=Windows_NT
PROCESSOR_IDENTIFIER=AMD64 Family 23 Model 160 Stepping 0, AuthenticAMD
TMP=C:\Users\selen\AppData\Local\Temp
TEMP=C:\Users\selen\AppData\Local\Temp




Periodic native trim disabled

---------------  S Y S T E M  ---------------

OS:
 Windows 11 , 64 bit Build 26100 (10.0.26100.8328)
OS uptime: 7 days 7:28 hours
Hyper-V role detected

CPU: total 8 (initial active 8) (8 cores per cpu, 2 threads per core) family 23 model 160 stepping 0 microcode 0x8a0000b, cx8, cmov, fxsr, ht, mmx, 3dnowpref, sse, sse2, sse3, ssse3, sse4a, sse4.1, sse4.2, popcnt, lzcnt, tsc, tscinvbit, avx, avx2, aes, clmul, bmi1, bmi2, adx, sha, fma, vzeroupper, clflush, clflushopt, hv, rdtscp, rdpid, f16c
Processor Information for the first 8 processors :
  Max Mhz: 2801, Current Mhz: 2801, Mhz Limit: 2801

Memory: 4k page, system-wide physical 7418M (500M free)
TotalPageFile size 29946M (AvailPageFile size 5M)
current process WorkingSet (physical memory assigned to process): 161M, peak: 167M
current process commit charge ("private bytes"): 283M, peak: 288M

vm_info: OpenJDK 64-Bit Server VM (21.0.10+7-LTS) for windows-amd64 JRE (21.0.10+7-LTS), built on 2026-01-20T00:00:00Z by "admin" with MS VC++ 17.12 (VS2022)

END.
