#
# There is insufficient memory for the Java Runtime Environment to continue.
# Native memory allocation (mmap) failed to map 268435456 bytes. Error detail: G1 virtual space
# Possible reasons:
#   The system is out of physical RAM or swap space
#   This process is running with CompressedOops enabled, and the Java Heap may be blocking the growth of the native heap
# Possible solutions:
#   Reduce memory load on the system
#   Increase physical memory or swap space
#   Check if swap backing store is full
#   Decrease Java heap size (-Xmx/-Xms)
#   Decrease number of Java threads
#   Decrease Java thread stack sizes (-Xss)
#   Set larger code cache with -XX:ReservedCodeCacheSize=
#   JVM is running with Zero Based Compressed Oops mode in which the Java heap is
#     placed in the first 32GB address space. The Java Heap base address is the
#     maximum limit for the native heap growth. Please use -XX:HeapBaseMinAddress
#     to set the Java Heap base and to place the Java Heap above 32GB virtual address.
# This output file may be truncated or incomplete.
#
#  Out of Memory Error (os_windows.cpp:3714), pid=5956, tid=15812
#
# JRE version:  (21.0.10+7) (build )
# Java VM: OpenJDK 64-Bit Server VM (21.0.10+7-LTS, mixed mode, sharing, tiered, compressed oops, compressed class ptrs, g1 gc, windows-amd64)
# No core dump will be written. Minidumps are not enabled by default on client versions of Windows
#

---------------  S U M M A R Y ------------

Command Line: -Xms256m -Xmx1g -Xss256k -XX:HeapBaseMinAddress=4g -Dfile.encoding=UTF-8 -Dstdout.encoding=UTF-8 -Dstderr.encoding=UTF-8 -XX:+ShowCodeDetailsInExceptionMessages mcvandfileservice.PlannerApp

Host: AMD Ryzen 5 7520U with Radeon Graphics         , 8 cores, 7G,  Windows 11 , 64 bit Build 26100 (10.0.26100.8328)
Time: Sat May 23 01:25:39 2026 Pacific Daylight Time elapsed time: 1.071621 seconds (0d 0h 0m 1s)

---------------  T H R E A D  ---------------

Current thread (0x000001d5f6883e70):  JavaThread "Unknown thread" [_thread_in_vm, id=15812, stack(0x0000005f87000000,0x0000005f87040000) (256K)]

Stack: [0x0000005f87000000,0x0000005f87040000]
Native frames: (J=compiled Java code, j=interpreted, Vv=VM code, C=native code)
V  [jvm.dll+0x6d7a39]
V  [jvm.dll+0x8b4b26]
V  [jvm.dll+0x8b70de]
V  [jvm.dll+0x8b77c3]
V  [jvm.dll+0x284346]
V  [jvm.dll+0x6d4355]
V  [jvm.dll+0x6c808a]
V  [jvm.dll+0x35edb8]
V  [jvm.dll+0x3669f6]
V  [jvm.dll+0x3b7afe]
V  [jvm.dll+0x3b7da8]
V  [jvm.dll+0x332fbc]
V  [jvm.dll+0x333b0b]
V  [jvm.dll+0x87eadb]
V  [jvm.dll+0x3c4a81]
V  [jvm.dll+0x867d25]
V  [jvm.dll+0x457b31]
V  [jvm.dll+0x459721]
C  [jli.dll+0x52d0]
C  [ucrtbase.dll+0x37b0]
C  [KERNEL32.DLL+0x2e957]
C  [ntdll.dll+0x427c]


---------------  P R O C E S S  ---------------

Threads class SMR info:
_java_thread_list=0x00007ffe95efa1c8, length=0, elements={
}

Java Threads: ( => current thread )
Total: 0

Other Threads:
  0x000001d5f8d67090 WorkerThread "GC Thread#0"                     [id=17128, stack(0x0000005f87040000,0x0000005f87140000) (1024K)]
  0x000001d5f8d70c90 ConcurrentGCThread "G1 Main Marker"            [id=8020, stack(0x0000005f87140000,0x0000005f87240000) (1024K)]
  0x000001d5f8d72dc0 WorkerThread "G1 Conc#0"                       [id=18744, stack(0x0000005f87240000,0x0000005f87340000) (1024K)]

[error occurred during error reporting (printing all threads), id 0xc0000005, EXCEPTION_ACCESS_VIOLATION (0xc0000005) at pc=0x00007ffe955f56a7]
VM state: not at safepoint (not fully initialized)

VM Mutex/Monitor currently owned by a thread:  ([mutex/lock_event])
[0x00007ffe95f6e660] Heap_lock - owner thread: 0x000001d5f6883e70

Heap address: 0x0000000100000000, size: 1024 MB, Compressed Oops mode: Zero based, Oop shift amount: 3

CDS archive(s) mapped at: [0x0000000000000000-0x0000000000000000-0x0000000000000000), size 0, SharedBaseAddress: 0x0000000800000000, ArchiveRelocationMode: 1.
Narrow klass base: 0x0000000000000000, Narrow klass shift: 0, Narrow klass range: 0x0

GC Precious Log:
 CardTable entry size: 512
 Card Set container configuration: InlinePtr #cards 5 size 8 Array Of Cards #cards 12 size 40 Howl #buckets 4 coarsen threshold 1843 Howl Bitmap #cards 512 size 80 coarsen threshold 460 Card regions per heap region 1 cards per card region 2048

Heap:
 garbage-first heap   total 0K, used 0K [0x0000000100000000, 0x0000000140000000)
  region size 1024K, 0 young (0K), 0 survivors (0K)

[error occurred during error reporting (printing heap information), id 0xc0000005, EXCEPTION_ACCESS_VIOLATION (0xc0000005) at pc=0x00007ffe959e13b9]
GC Heap History (0 events):
No events

Dll operation events (1 events):
Event: 0.012 Loaded shared library C:\Users\selen\Downloads\eclipse-java-2025-12-R-win32-x86_64\eclipse\plugins\org.eclipse.justj.openjdk.hotspot.jre.full.win32.x86_64_21.0.10.v20260205-0638\jre\bin\java.dll

Deoptimization events (0 events):
No events

Classes loaded (0 events):
No events

Classes unloaded (0 events):
No events

Classes redefined (0 events):
No events

Internal exceptions (0 events):
No events

ZGC Phase Switch (0 events):
No events

VM Operations (0 events):
No events

Memory protections (0 events):
No events

Nmethod flushes (0 events):
No events

Events (0 events):
No events


Dynamic libraries:
0x00007ff6f1450000 - 0x00007ff6f145e000 	C:\Users\selen\Downloads\eclipse-java-2025-12-R-win32-x86_64\eclipse\plugins\org.eclipse.justj.openjdk.hotspot.jre.full.win32.x86_64_21.0.10.v20260205-0638\jre\bin\javaw.exe
0x00007fff40b20000 - 0x00007fff40d87000 	C:\WINDOWS\SYSTEM32\ntdll.dll
0x00007fff3f3c0000 - 0x00007fff3f489000 	C:\WINDOWS\System32\KERNEL32.DLL
0x00007fff3d820000 - 0x00007fff3dc17000 	C:\WINDOWS\System32\KERNELBASE.dll
0x00007fff3e5d0000 - 0x00007fff3e71b000 	C:\WINDOWS\System32\ucrtbase.dll
0x00007fff202a0000 - 0x00007fff202be000 	C:\Users\selen\Downloads\eclipse-java-2025-12-R-win32-x86_64\eclipse\plugins\org.eclipse.justj.openjdk.hotspot.jre.full.win32.x86_64_21.0.10.v20260205-0638\jre\bin\VCRUNTIME140.dll
0x00007fff20280000 - 0x00007fff20298000 	C:\Users\selen\Downloads\eclipse-java-2025-12-R-win32-x86_64\eclipse\plugins\org.eclipse.justj.openjdk.hotspot.jre.full.win32.x86_64_21.0.10.v20260205-0638\jre\bin\jli.dll
0x00007fff3f6d0000 - 0x00007fff3f896000 	C:\WINDOWS\System32\USER32.dll
0x00007fff21370000 - 0x00007fff21602000 	C:\WINDOWS\WinSxS\amd64_microsoft.windows.common-controls_6595b64144ccf1df_6.0.26100.8457_none_3e0b2faee331e92d\COMCTL32.dll
0x00007fff3d610000 - 0x00007fff3d637000 	C:\WINDOWS\System32\win32u.dll
0x00007fff3ffd0000 - 0x00007fff40079000 	C:\WINDOWS\System32\msvcrt.dll
0x00007fff3fa50000 - 0x00007fff3fa7b000 	C:\WINDOWS\System32\GDI32.dll
0x00007fff3d640000 - 0x00007fff3d76c000 	C:\WINDOWS\System32\gdi32full.dll
0x00007fff3d770000 - 0x00007fff3d813000 	C:\WINDOWS\System32\msvcp_win.dll
0x00007fff3ef30000 - 0x00007fff3ef62000 	C:\WINDOWS\System32\IMM32.DLL
0x00007fff3ad10000 - 0x00007fff3ad1c000 	C:\Users\selen\Downloads\eclipse-java-2025-12-R-win32-x86_64\eclipse\plugins\org.eclipse.justj.openjdk.hotspot.jre.full.win32.x86_64_21.0.10.v20260205-0638\jre\bin\vcruntime140_1.dll
0x00007fff06ea0000 - 0x00007fff06f2d000 	C:\Users\selen\Downloads\eclipse-java-2025-12-R-win32-x86_64\eclipse\plugins\org.eclipse.justj.openjdk.hotspot.jre.full.win32.x86_64_21.0.10.v20260205-0638\jre\bin\msvcp140.dll
0x00007ffe952b0000 - 0x00007ffe96051000 	C:\Users\selen\Downloads\eclipse-java-2025-12-R-win32-x86_64\eclipse\plugins\org.eclipse.justj.openjdk.hotspot.jre.full.win32.x86_64_21.0.10.v20260205-0638\jre\bin\server\jvm.dll
0x00007fff40080000 - 0x00007fff40136000 	C:\WINDOWS\System32\ADVAPI32.dll
0x00007fff3f8a0000 - 0x00007fff3f947000 	C:\WINDOWS\System32\sechost.dll
0x00007fff3fe10000 - 0x00007fff3ff28000 	C:\WINDOWS\System32\RPCRT4.dll
0x00007fff3ff30000 - 0x00007fff3ffb0000 	C:\WINDOWS\System32\WS2_32.dll
0x00007fff3d3b0000 - 0x00007fff3d40e000 	C:\WINDOWS\SYSTEM32\POWRPROF.dll
0x00007fff33e60000 - 0x00007fff33e96000 	C:\WINDOWS\SYSTEM32\WINMM.dll
0x00007fff2f280000 - 0x00007fff2f28b000 	C:\WINDOWS\SYSTEM32\VERSION.dll
0x00007fff3d390000 - 0x00007fff3d3a4000 	C:\WINDOWS\SYSTEM32\UMPDC.dll
0x00007fff3c2e0000 - 0x00007fff3c2fb000 	C:\WINDOWS\SYSTEM32\kernel.appcore.dll
0x00007fff3ad00000 - 0x00007fff3ad0a000 	C:\Users\selen\Downloads\eclipse-java-2025-12-R-win32-x86_64\eclipse\plugins\org.eclipse.justj.openjdk.hotspot.jre.full.win32.x86_64_21.0.10.v20260205-0638\jre\bin\jimage.dll
0x00007fff2f870000 - 0x00007fff2fab2000 	C:\WINDOWS\SYSTEM32\DBGHELP.DLL
0x00007fff3ef70000 - 0x00007fff3f2f3000 	C:\WINDOWS\System32\combase.dll
0x00007fff3fa80000 - 0x00007fff3fb59000 	C:\WINDOWS\System32\OLEAUT32.dll
0x00007fff1d020000 - 0x00007fff1d05b000 	C:\WINDOWS\SYSTEM32\dbgcore.DLL
0x00007fff3dcb0000 - 0x00007fff3dd58000 	C:\WINDOWS\System32\bcryptPrimitives.dll
0x00007fff3aaf0000 - 0x00007fff3ab10000 	C:\Users\selen\Downloads\eclipse-java-2025-12-R-win32-x86_64\eclipse\plugins\org.eclipse.justj.openjdk.hotspot.jre.full.win32.x86_64_21.0.10.v20260205-0638\jre\bin\java.dll

JVMTI agents: none

dbghelp: loaded successfully - version: 4.0.5 - missing functions: none
symbol engine: initialized successfully - sym options: 0x614 - pdb path: .;C:\Users\selen\Downloads\eclipse-java-2025-12-R-win32-x86_64\eclipse\plugins\org.eclipse.justj.openjdk.hotspot.jre.full.win32.x86_64_21.0.10.v20260205-0638\jre\bin;C:\WINDOWS\SYSTEM32;C:\WINDOWS\WinSxS\amd64_microsoft.windows.common-controls_6595b64144ccf1df_6.0.26100.8457_none_3e0b2faee331e92d;C:\Users\selen\Downloads\eclipse-java-2025-12-R-win32-x86_64\eclipse\plugins\org.eclipse.justj.openjdk.hotspot.jre.full.win32.x86_64_21.0.10.v20260205-0638\jre\bin\server

VM Arguments:
jvm_args: -Xms256m -Xmx1g -Xss256k -XX:HeapBaseMinAddress=4g -Dfile.encoding=UTF-8 -Dstdout.encoding=UTF-8 -Dstderr.encoding=UTF-8 -XX:+ShowCodeDetailsInExceptionMessages 
java_command: mcvandfileservice.PlannerApp
java_class_path (initial): C:\Users\selen\git\Planner\bin;C:\Users\selen\Downloads\eclipse-java-2025-12-R-win32-x86_64\eclipse\plugins\junit-jupiter-api_5.14.3.jar;C:\Users\selen\Downloads\eclipse-java-2025-12-R-win32-x86_64\eclipse\plugins\junit-jupiter-engine_5.14.3.jar;C:\Users\selen\Downloads\eclipse-java-2025-12-R-win32-x86_64\eclipse\plugins\junit-jupiter-migrationsupport_5.14.3.jar;C:\Users\selen\Downloads\eclipse-java-2025-12-R-win32-x86_64\eclipse\plugins\junit-jupiter-params_5.14.3.jar;C:\Users\selen\Downloads\eclipse-java-2025-12-R-win32-x86_64\eclipse\plugins\junit-platform-commons_1.14.3.jar;C:\Users\selen\Downloads\eclipse-java-2025-12-R-win32-x86_64\eclipse\plugins\junit-platform-engine_1.14.3.jar;C:\Users\selen\Downloads\eclipse-java-2025-12-R-win32-x86_64\eclipse\plugins\junit-platform-launcher_1.14.3.jar;C:\Users\selen\Downloads\eclipse-java-2025-12-R-win32-x86_64\eclipse\plugins\junit-platform-runner_1.14.3.jar;C:\Users\selen\Downloads\eclipse-java-2025-12-R-win32-x86_64\eclipse\plugins\junit-platform-suite-api_1.14.3.jar;C:\Users\selen\Downloads\eclipse-java-2025-12-R-win32-x86_64\eclipse\plugins\junit-platform-suite-engine_1.14.3.jar;C:\Users\selen\Downloads\eclipse-java-2025-12-R-win32-x86_64\eclipse\plugins\junit-platform-suite-commons_1.14.3.jar;C:\Users\selen\Downloads\eclipse-java-2025-12-R-win32-x86_64\eclipse\plugins\junit-vintage-engine_5.14.3.jar;C:\Users\selen\Downloads\eclipse-java-2025-12-R-win32-x86_64\eclipse\plugins\org.opentest4j_1.3.0.jar;C:\Users\selen\Downloads\eclipse-java-2025-12-R-win32-x86_64\eclipse\plugins\org.apiguardian.api_1.1.2.jar;C:\Users\selen\Downloads\eclipse-java-2025-12-R-win32-x86_64\eclipse\plugins\org.junit_4.13.2.v20240929-1000.jar;C:\Users\selen\Downloads\eclipse-java-2025-12-R-win32-x86_64\eclipse\plugins\org.hamcrest_3.0.0.jar
Launcher Type: SUN_STANDARD

[Global flags]
     intx CICompilerCount                          = 4                                         {product} {ergonomic}
     uint ConcGCThreads                            = 2                                         {product} {ergonomic}
     uint G1ConcRefinementThreads                  = 8                                         {product} {ergonomic}
   size_t G1HeapRegionSize                         = 1048576                                   {product} {ergonomic}
    uintx GCDrainStackTargetSize                   = 64                                        {product} {ergonomic}
   size_t HeapBaseMinAddress                       = 4294967296                             {pd product} {command line}
   size_t InitialHeapSize                          = 268435456                                 {product} {command line}
   size_t MarkStackSize                            = 4194304                                   {product} {ergonomic}
   size_t MaxHeapSize                              = 1073741824                                {product} {command line}
   size_t MinHeapDeltaBytes                        = 1048576                                   {product} {ergonomic}
   size_t MinHeapSize                              = 268435456                                 {product} {command line}
    uintx NonNMethodCodeHeapSize                   = 5839372                                {pd product} {ergonomic}
    uintx NonProfiledCodeHeapSize                  = 122909434                              {pd product} {ergonomic}
    uintx ProfiledCodeHeapSize                     = 122909434                              {pd product} {ergonomic}
    uintx ReservedCodeCacheSize                    = 251658240                              {pd product} {ergonomic}
     bool SegmentedCodeCache                       = true                                      {product} {ergonomic}
     bool ShowCodeDetailsInExceptionMessages       = true                                   {manageable} {command line}
   size_t SoftMaxHeapSize                          = 1073741824                             {manageable} {ergonomic}
     intx ThreadStackSize                          = 256                                    {pd product} {command line}
     bool UseCompressedOops                        = true                           {product lp64_product} {ergonomic}
     bool UseG1GC                                  = true                                      {product} {ergonomic}
     bool UseLargePagesIndividualAllocation        = false                                  {pd product} {ergonomic}

Logging:
Log output configuration:
 #0: stdout all=warning uptime,level,tags foldmultilines=false
 #1: stderr all=off uptime,level,tags foldmultilines=false

Release file:
<release file has not been read>
Environment Variables:
PATH=C:/Users/selen/Downloads/eclipse-java-2025-12-R-win32-x86_64/eclipse//plugins/org.eclipse.justj.openjdk.hotspot.jre.full.win32.x86_64_21.0.10.v20260205-0638/jre/bin/server;C:/Users/selen/Downloads/eclipse-java-2025-12-R-win32-x86_64/eclipse//plugins/org.eclipse.justj.openjdk.hotspot.jre.full.win32.x86_64_21.0.10.v20260205-0638/jre/bin;C:\windows\system32;C:\windows;C:\windows\System32\Wbem;C:\windows\System32\WindowsPowerShell\v1.0\;C:\windows\System32\OpenSSH\;%SystemRoot%\system32;%SystemRoot%;%SystemRoot%\System32\Wbem;%SYSTEMROOT%\System32\WindowsPowerShell\v1.0\;%SYSTEMROOT%\System32\OpenSSH\;C:\Users\selen\AppData\Local\Microsoft\WindowsApps;;C:\Users\selen\Downloads\eclipse-java-2025-12-R-win32-x86_64\eclipse;
USERNAME=selen
OS=Windows_NT
PROCESSOR_IDENTIFIER=AMD64 Family 23 Model 160 Stepping 0, AuthenticAMD
TMP=C:\Users\selen\AppData\Local\Temp
TEMP=C:\Users\selen\AppData\Local\Temp




Periodic native trim disabled

---------------  S Y S T E M  ---------------

OS:
 Windows 11 , 64 bit Build 26100 (10.0.26100.8328)
OS uptime: 9 days 21:04 hours
Hyper-V role detected

CPU: total 8 (initial active 8) (8 cores per cpu, 2 threads per core) family 23 model 160 stepping 0 microcode 0x8a0000b, cx8, cmov, fxsr, ht, mmx, 3dnowpref, sse, sse2, sse3, ssse3, sse4a, sse4.1, sse4.2, popcnt, lzcnt, tsc, tscinvbit, avx, avx2, aes, clmul, bmi1, bmi2, adx, sha, fma, vzeroupper, clflush, clflushopt, hv, rdtscp, rdpid, f16c
Processor Information for the first 8 processors :
  Max Mhz: 2801, Current Mhz: 2801, Mhz Limit: 2801

Memory: 4k page, system-wide physical 7418M (306M free)
TotalPageFile size 29946M (AvailPageFile size 56M)
current process WorkingSet (physical memory assigned to process): 12M, peak: 12M
current process commit charge ("private bytes"): 60M, peak: 315M

vm_info: OpenJDK 64-Bit Server VM (21.0.10+7-LTS) for windows-amd64 JRE (21.0.10+7-LTS), built on 2026-01-20T00:00:00Z by "admin" with MS VC++ 17.12 (VS2022)

END.
