#
# There is insufficient memory for the Java Runtime Environment to continue.
# Native memory allocation (malloc) failed to allocate 1720416 bytes. Error detail: Chunk::new
# Possible reasons:
#   The system is out of physical RAM or swap space
#   This process is running with CompressedOops enabled, and the Java Heap may be blocking the growth of the native heap
# Possible solutions:
#   Reduce memory load on the system
#   Increase physical memory or swap space
#   Check if swap backing store is full
#   Decrease Java heap size (-Xmx/-Xms)
#   Decrease number of Java threads
#   Decrease Java thread stack sizes (-Xss)
#   Set larger code cache with -XX:ReservedCodeCacheSize=
#   JVM is running with Unscaled Compressed Oops mode in which the Java heap is
#     placed in the first 4GB address space. The Java Heap base address is the
#     maximum limit for the native heap growth. Please use -XX:HeapBaseMinAddress
#     to set the Java Heap base and to place the Java Heap above 4GB virtual address.
# This output file may be truncated or incomplete.
#
#  Out of Memory Error (arena.cpp:168), pid=8644, tid=11000
#
# JRE version: OpenJDK Runtime Environment Temurin-21.0.10+7 (21.0.10+7) (build 21.0.10+7-LTS)
# Java VM: OpenJDK 64-Bit Server VM Temurin-21.0.10+7 (21.0.10+7-LTS, mixed mode, sharing, tiered, compressed oops, compressed class ptrs, g1 gc, windows-amd64)
# No core dump will be written. Minidumps are not enabled by default on client versions of Windows
#

---------------  S U M M A R Y ------------

Command Line: -Dfile.encoding=UTF-8 -Dstdout.encoding=UTF-8 -Dstderr.encoding=UTF-8 -XX:+ShowCodeDetailsInExceptionMessages mcvandfileservice.PlannerApp

Host: AMD Ryzen 5 7520U with Radeon Graphics         , 8 cores, 7G,  Windows 11 , 64 bit Build 26100 (10.0.26100.8328)
Time: Sat May 23 01:12:42 2026 Pacific Daylight Time elapsed time: 0.913491 seconds (0d 0h 0m 0s)

---------------  T H R E A D  ---------------

Current thread (0x00000233a2baa810):  JavaThread "C2 CompilerThread0" daemon [_thread_in_native, id=11000, stack(0x000000be8ee00000,0x000000be8ef00000) (1024K)]


Current CompileTask:
C2:913 1003 % !   4       sun.awt.image.PNGImageDecoder::produceImage @ 960 (1917 bytes)

Stack: [0x000000be8ee00000,0x000000be8ef00000]
Native frames: (J=compiled Java code, j=interpreted, Vv=VM code, C=native code)
V  [jvm.dll+0x6d7a39]
V  [jvm.dll+0x8b4b26]
V  [jvm.dll+0x8b70de]
V  [jvm.dll+0x8b77c3]
V  [jvm.dll+0x284346]
V  [jvm.dll+0xc66ed]
V  [jvm.dll+0xc6c31]
V  [jvm.dll+0x3bec3b]
V  [jvm.dll+0x1e3d62]
V  [jvm.dll+0x24c6b3]
V  [jvm.dll+0x24bb40]
V  [jvm.dll+0x1cb34e]
V  [jvm.dll+0x25b85d]
V  [jvm.dll+0x259dea]
V  [jvm.dll+0x3f857e]
V  [jvm.dll+0x85f59d]
V  [jvm.dll+0x6d626d]
C  [ucrtbase.dll+0x37b0]
C  [KERNEL32.DLL+0x2e957]
C  [ntdll.dll+0x427c]


---------------  P R O C E S S  ---------------

Threads class SMR info:
_java_thread_list=0x00000233f94b9290, length=18, elements={
0x000002338b03f2f0, 0x00000233a2b8f210, 0x00000233a2b929a0, 0x00000233a2b957c0,
0x00000233a2b96220, 0x00000233a2b999b0, 0x00000233a2b9e890, 0x00000233a2baa810,
0x00000233a2bab3e0, 0x00000233a2ce62f0, 0x00000233a2ceff40, 0x00000233a2f5ebb0,
0x00000233a2f74850, 0x00000233a2f7a1b0, 0x00000233e8c78260, 0x00000233e8cbeca0,
0x00000233e8d409e0, 0x00000233f94a9be0
}

Java Threads: ( => current thread )
  0x000002338b03f2f0 JavaThread "main"                              [_thread_in_native, id=14552, stack(0x000000be8e000000,0x000000be8e100000) (1024K)]
  0x00000233a2b8f210 JavaThread "Reference Handler"          daemon [_thread_blocked, id=22944, stack(0x000000be8e800000,0x000000be8e900000) (1024K)]
  0x00000233a2b929a0 JavaThread "Finalizer"                  daemon [_thread_blocked, id=8068, stack(0x000000be8e900000,0x000000be8ea00000) (1024K)]
  0x00000233a2b957c0 JavaThread "Signal Dispatcher"          daemon [_thread_blocked, id=15244, stack(0x000000be8ea00000,0x000000be8eb00000) (1024K)]
  0x00000233a2b96220 JavaThread "Attach Listener"            daemon [_thread_blocked, id=22220, stack(0x000000be8eb00000,0x000000be8ec00000) (1024K)]
  0x00000233a2b999b0 JavaThread "Service Thread"             daemon [_thread_blocked, id=10024, stack(0x000000be8ec00000,0x000000be8ed00000) (1024K)]
  0x00000233a2b9e890 JavaThread "Monitor Deflation Thread"   daemon [_thread_blocked, id=15392, stack(0x000000be8ed00000,0x000000be8ee00000) (1024K)]
=>0x00000233a2baa810 JavaThread "C2 CompilerThread0"         daemon [_thread_in_native, id=11000, stack(0x000000be8ee00000,0x000000be8ef00000) (1024K)]
  0x00000233a2bab3e0 JavaThread "C1 CompilerThread0"         daemon [_thread_blocked, id=4168, stack(0x000000be8ef00000,0x000000be8f000000) (1024K)]
  0x00000233a2ce62f0 JavaThread "Notification Thread"        daemon [_thread_blocked, id=29260, stack(0x000000be8f000000,0x000000be8f100000) (1024K)]
  0x00000233a2ceff40 JavaThread "Common-Cleaner"             daemon [_thread_blocked, id=3188, stack(0x000000be8f100000,0x000000be8f200000) (1024K)]
  0x00000233a2f5ebb0 JavaThread "Java2D Disposer"            daemon [_thread_blocked, id=29052, stack(0x000000be8f200000,0x000000be8f300000) (1024K)]
  0x00000233a2f74850 JavaThread "AWT-Shutdown"                      [_thread_blocked, id=26148, stack(0x000000be8f300000,0x000000be8f400000) (1024K)]
  0x00000233a2f7a1b0 JavaThread "AWT-Windows"                daemon [_thread_in_native, id=19288, stack(0x000000be8f400000,0x000000be8f500000) (1024K)]
  0x00000233e8c78260 JavaThread "Image Fetcher 0"            daemon [_thread_blocked, id=17904, stack(0x000000be8fc00000,0x000000be8fd00000) (1024K)]
  0x00000233e8cbeca0 JavaThread "C2 CompilerThread1"         daemon [_thread_blocked, id=18772, stack(0x000000be8fd00000,0x000000be8fe00000) (1024K)]
  0x00000233e8d409e0 JavaThread "AWT-EventQueue-0"                  [_thread_blocked, id=10612, stack(0x000000be8fe00000,0x000000be8ff00000) (1024K)]
  0x00000233f94a9be0 JavaThread "D3D Screen Updater"         daemon [_thread_blocked, id=10148, stack(0x000000be8ff00000,0x000000be90000000) (1024K)]
Total: 18

Other Threads:
  0x00000233a2b72b70 VMThread "VM Thread"                           [id=14624, stack(0x000000be8e700000,0x000000be8e800000) (1024K)]
  0x00000233a2b60f10 WatcherThread "VM Periodic Task Thread"        [id=18832, stack(0x000000be8e600000,0x000000be8e700000) (1024K)]
  0x000002338b08dec0 WorkerThread "GC Thread#0"                     [id=18640, stack(0x000000be8e100000,0x000000be8e200000) (1024K)]
  0x000002338b09d6b0 ConcurrentGCThread "G1 Main Marker"            [id=22624, stack(0x000000be8e200000,0x000000be8e300000) (1024K)]
  0x000002338b09f7e0 WorkerThread "G1 Conc#0"                       [id=16280, stack(0x000000be8e300000,0x000000be8e400000) (1024K)]
  0x000002338b0fe490 ConcurrentGCThread "G1 Refine#0"               [id=14316, stack(0x000000be8e400000,0x000000be8e500000) (1024K)]
  0x00000233a2a2f150 ConcurrentGCThread "G1 Service"                [id=2424, stack(0x000000be8e500000,0x000000be8e600000) (1024K)]
Total: 7

Threads with active compile tasks:
C2 CompilerThread0  929 1003 % !   4       sun.awt.image.PNGImageDecoder::produceImage @ 960 (1917 bytes)
Total: 1

VM state: not at safepoint (normal execution)

VM Mutex/Monitor currently owned by a thread: None

Heap address: 0x000000008c000000, size: 1856 MB, Compressed Oops mode: 32-bit

CDS archive(s) mapped at: [0x00000233a3000000-0x00000233a3c80000-0x00000233a3c80000), size 13107200, SharedBaseAddress: 0x00000233a3000000, ArchiveRelocationMode: 1.
Compressed class space mapped at: 0x00000233a4000000-0x00000233e4000000, reserved size: 1073741824
Narrow klass base: 0x00000233a3000000, Narrow klass shift: 0, Narrow klass range: 0x100000000

GC Precious Log:
 CardTable entry size: 512
 Card Set container configuration: InlinePtr #cards 5 size 8 Array Of Cards #cards 12 size 40 Howl #buckets 4 coarsen threshold 1843 Howl Bitmap #cards 512 size 80 coarsen threshold 460 Card regions per heap region 1 cards per card region 2048
 CPUs: 8 total, 8 available
 Memory: 7418M
 Large Page Support: Disabled
 NUMA Support: Disabled
 Compressed Oops: Enabled (32-bit)
 Heap Region Size: 1M
 Heap Min Capacity: 8M
 Heap Initial Capacity: 116M
 Heap Max Capacity: 1856M
 Pre-touch: Disabled
 Parallel Workers: 8
 Concurrent Workers: 2
 Concurrent Refinement Workers: 8
 Periodic GC: Disabled

Heap:
 garbage-first heap   total 118784K, used 34816K [0x000000008c000000, 0x0000000100000000)
  region size 1024K, 21 young (21504K), 0 survivors (0K)
 Metaspace       used 8792K, committed 9024K, reserved 1114112K
  class space    used 1017K, committed 1152K, reserved 1048576K

Heap Regions: E=young(eden), S=young(survivor), O=old, HS=humongous(starts), HC=humongous(continues), CS=collection set, F=free, TAMS=top-at-mark-start, PB=parsable bottom
|   0|0x000000008c000000, 0x000000008c100000, 0x000000008c100000|100%|HS|  |TAMS 0x000000008c000000| PB 0x000000008c000000| Complete 
|   1|0x000000008c100000, 0x000000008c200000, 0x000000008c200000|100%|HC|  |TAMS 0x000000008c100000| PB 0x000000008c100000| Complete 
|   2|0x000000008c200000, 0x000000008c300000, 0x000000008c300000|100%|HC|  |TAMS 0x000000008c200000| PB 0x000000008c200000| Complete 
|   3|0x000000008c300000, 0x000000008c400000, 0x000000008c400000|100%|HS|  |TAMS 0x000000008c300000| PB 0x000000008c300000| Complete 
|   4|0x000000008c400000, 0x000000008c500000, 0x000000008c500000|100%|HC|  |TAMS 0x000000008c400000| PB 0x000000008c400000| Complete 
|   5|0x000000008c500000, 0x000000008c600000, 0x000000008c600000|100%|HC|  |TAMS 0x000000008c500000| PB 0x000000008c500000| Complete 
|   6|0x000000008c600000, 0x000000008c700000, 0x000000008c700000|100%|HC|  |TAMS 0x000000008c600000| PB 0x000000008c600000| Complete 
|   7|0x000000008c700000, 0x000000008c800000, 0x000000008c800000|100%|HC|  |TAMS 0x000000008c700000| PB 0x000000008c700000| Complete 
|   8|0x000000008c800000, 0x000000008c900000, 0x000000008c900000|100%|HC|  |TAMS 0x000000008c800000| PB 0x000000008c800000| Complete 
|   9|0x000000008c900000, 0x000000008ca00000, 0x000000008ca00000|100%|HC|  |TAMS 0x000000008c900000| PB 0x000000008c900000| Complete 
|  10|0x000000008ca00000, 0x000000008cb00000, 0x000000008cb00000|100%|HS|  |TAMS 0x000000008ca00000| PB 0x000000008ca00000| Complete 
|  11|0x000000008cb00000, 0x000000008cc00000, 0x000000008cc00000|100%|HC|  |TAMS 0x000000008cb00000| PB 0x000000008cb00000| Complete 
|  12|0x000000008cc00000, 0x000000008cd00000, 0x000000008cd00000|100%|HC|  |TAMS 0x000000008cc00000| PB 0x000000008cc00000| Complete 
|  13|0x000000008cd00000, 0x000000008ce00000, 0x000000008ce00000|100%|HC|  |TAMS 0x000000008cd00000| PB 0x000000008cd00000| Complete 
|  14|0x000000008ce00000, 0x000000008ce00000, 0x000000008cf00000|  0%| F|  |TAMS 0x000000008ce00000| PB 0x000000008ce00000| Untracked 
|  15|0x000000008cf00000, 0x000000008cf00000, 0x000000008d000000|  0%| F|  |TAMS 0x000000008cf00000| PB 0x000000008cf00000| Untracked 
|  16|0x000000008d000000, 0x000000008d000000, 0x000000008d100000|  0%| F|  |TAMS 0x000000008d000000| PB 0x000000008d000000| Untracked 
|  17|0x000000008d100000, 0x000000008d100000, 0x000000008d200000|  0%| F|  |TAMS 0x000000008d100000| PB 0x000000008d100000| Untracked 
|  18|0x000000008d200000, 0x000000008d200000, 0x000000008d300000|  0%| F|  |TAMS 0x000000008d200000| PB 0x000000008d200000| Untracked 
|  19|0x000000008d300000, 0x000000008d300000, 0x000000008d400000|  0%| F|  |TAMS 0x000000008d300000| PB 0x000000008d300000| Untracked 
|  20|0x000000008d400000, 0x000000008d400000, 0x000000008d500000|  0%| F|  |TAMS 0x000000008d400000| PB 0x000000008d400000| Untracked 
|  21|0x000000008d500000, 0x000000008d500000, 0x000000008d600000|  0%| F|  |TAMS 0x000000008d500000| PB 0x000000008d500000| Untracked 
|  22|0x000000008d600000, 0x000000008d600000, 0x000000008d700000|  0%| F|  |TAMS 0x000000008d600000| PB 0x000000008d600000| Untracked 
|  23|0x000000008d700000, 0x000000008d700000, 0x000000008d800000|  0%| F|  |TAMS 0x000000008d700000| PB 0x000000008d700000| Untracked 
|  24|0x000000008d800000, 0x000000008d800000, 0x000000008d900000|  0%| F|  |TAMS 0x000000008d800000| PB 0x000000008d800000| Untracked 
|  25|0x000000008d900000, 0x000000008d900000, 0x000000008da00000|  0%| F|  |TAMS 0x000000008d900000| PB 0x000000008d900000| Untracked 
|  26|0x000000008da00000, 0x000000008da00000, 0x000000008db00000|  0%| F|  |TAMS 0x000000008da00000| PB 0x000000008da00000| Untracked 
|  27|0x000000008db00000, 0x000000008db00000, 0x000000008dc00000|  0%| F|  |TAMS 0x000000008db00000| PB 0x000000008db00000| Untracked 
|  28|0x000000008dc00000, 0x000000008dc00000, 0x000000008dd00000|  0%| F|  |TAMS 0x000000008dc00000| PB 0x000000008dc00000| Untracked 
|  29|0x000000008dd00000, 0x000000008dd00000, 0x000000008de00000|  0%| F|  |TAMS 0x000000008dd00000| PB 0x000000008dd00000| Untracked 
|  30|0x000000008de00000, 0x000000008de00000, 0x000000008df00000|  0%| F|  |TAMS 0x000000008de00000| PB 0x000000008de00000| Untracked 
|  31|0x000000008df00000, 0x000000008df00000, 0x000000008e000000|  0%| F|  |TAMS 0x000000008df00000| PB 0x000000008df00000| Untracked 
|  32|0x000000008e000000, 0x000000008e000000, 0x000000008e100000|  0%| F|  |TAMS 0x000000008e000000| PB 0x000000008e000000| Untracked 
|  33|0x000000008e100000, 0x000000008e100000, 0x000000008e200000|  0%| F|  |TAMS 0x000000008e100000| PB 0x000000008e100000| Untracked 
|  34|0x000000008e200000, 0x000000008e200000, 0x000000008e300000|  0%| F|  |TAMS 0x000000008e200000| PB 0x000000008e200000| Untracked 
|  35|0x000000008e300000, 0x000000008e300000, 0x000000008e400000|  0%| F|  |TAMS 0x000000008e300000| PB 0x000000008e300000| Untracked 
|  36|0x000000008e400000, 0x000000008e400000, 0x000000008e500000|  0%| F|  |TAMS 0x000000008e400000| PB 0x000000008e400000| Untracked 
|  37|0x000000008e500000, 0x000000008e500000, 0x000000008e600000|  0%| F|  |TAMS 0x000000008e500000| PB 0x000000008e500000| Untracked 
|  38|0x000000008e600000, 0x000000008e600000, 0x000000008e700000|  0%| F|  |TAMS 0x000000008e600000| PB 0x000000008e600000| Untracked 
|  39|0x000000008e700000, 0x000000008e700000, 0x000000008e800000|  0%| F|  |TAMS 0x000000008e700000| PB 0x000000008e700000| Untracked 
|  40|0x000000008e800000, 0x000000008e800000, 0x000000008e900000|  0%| F|  |TAMS 0x000000008e800000| PB 0x000000008e800000| Untracked 
|  41|0x000000008e900000, 0x000000008e900000, 0x000000008ea00000|  0%| F|  |TAMS 0x000000008e900000| PB 0x000000008e900000| Untracked 
|  42|0x000000008ea00000, 0x000000008ea00000, 0x000000008eb00000|  0%| F|  |TAMS 0x000000008ea00000| PB 0x000000008ea00000| Untracked 
|  43|0x000000008eb00000, 0x000000008eb00000, 0x000000008ec00000|  0%| F|  |TAMS 0x000000008eb00000| PB 0x000000008eb00000| Untracked 
|  44|0x000000008ec00000, 0x000000008ec00000, 0x000000008ed00000|  0%| F|  |TAMS 0x000000008ec00000| PB 0x000000008ec00000| Untracked 
|  45|0x000000008ed00000, 0x000000008ed00000, 0x000000008ee00000|  0%| F|  |TAMS 0x000000008ed00000| PB 0x000000008ed00000| Untracked 
|  46|0x000000008ee00000, 0x000000008ee00000, 0x000000008ef00000|  0%| F|  |TAMS 0x000000008ee00000| PB 0x000000008ee00000| Untracked 
|  47|0x000000008ef00000, 0x000000008ef00000, 0x000000008f000000|  0%| F|  |TAMS 0x000000008ef00000| PB 0x000000008ef00000| Untracked 
|  48|0x000000008f000000, 0x000000008f000000, 0x000000008f100000|  0%| F|  |TAMS 0x000000008f000000| PB 0x000000008f000000| Untracked 
|  49|0x000000008f100000, 0x000000008f100000, 0x000000008f200000|  0%| F|  |TAMS 0x000000008f100000| PB 0x000000008f100000| Untracked 
|  50|0x000000008f200000, 0x000000008f200000, 0x000000008f300000|  0%| F|  |TAMS 0x000000008f200000| PB 0x000000008f200000| Untracked 
|  51|0x000000008f300000, 0x000000008f300000, 0x000000008f400000|  0%| F|  |TAMS 0x000000008f300000| PB 0x000000008f300000| Untracked 
|  52|0x000000008f400000, 0x000000008f400000, 0x000000008f500000|  0%| F|  |TAMS 0x000000008f400000| PB 0x000000008f400000| Untracked 
|  53|0x000000008f500000, 0x000000008f500000, 0x000000008f600000|  0%| F|  |TAMS 0x000000008f500000| PB 0x000000008f500000| Untracked 
|  54|0x000000008f600000, 0x000000008f600000, 0x000000008f700000|  0%| F|  |TAMS 0x000000008f600000| PB 0x000000008f600000| Untracked 
|  55|0x000000008f700000, 0x000000008f700000, 0x000000008f800000|  0%| F|  |TAMS 0x000000008f700000| PB 0x000000008f700000| Untracked 
|  56|0x000000008f800000, 0x000000008f800000, 0x000000008f900000|  0%| F|  |TAMS 0x000000008f800000| PB 0x000000008f800000| Untracked 
|  57|0x000000008f900000, 0x000000008f900000, 0x000000008fa00000|  0%| F|  |TAMS 0x000000008f900000| PB 0x000000008f900000| Untracked 
|  58|0x000000008fa00000, 0x000000008fa00000, 0x000000008fb00000|  0%| F|  |TAMS 0x000000008fa00000| PB 0x000000008fa00000| Untracked 
|  59|0x000000008fb00000, 0x000000008fb00000, 0x000000008fc00000|  0%| F|  |TAMS 0x000000008fb00000| PB 0x000000008fb00000| Untracked 
|  60|0x000000008fc00000, 0x000000008fc00000, 0x000000008fd00000|  0%| F|  |TAMS 0x000000008fc00000| PB 0x000000008fc00000| Untracked 
|  61|0x000000008fd00000, 0x000000008fd00000, 0x000000008fe00000|  0%| F|  |TAMS 0x000000008fd00000| PB 0x000000008fd00000| Untracked 
|  62|0x000000008fe00000, 0x000000008fe00000, 0x000000008ff00000|  0%| F|  |TAMS 0x000000008fe00000| PB 0x000000008fe00000| Untracked 
|  63|0x000000008ff00000, 0x000000008ff00000, 0x0000000090000000|  0%| F|  |TAMS 0x000000008ff00000| PB 0x000000008ff00000| Untracked 
|  64|0x0000000090000000, 0x0000000090000000, 0x0000000090100000|  0%| F|  |TAMS 0x0000000090000000| PB 0x0000000090000000| Untracked 
|  65|0x0000000090100000, 0x0000000090100000, 0x0000000090200000|  0%| F|  |TAMS 0x0000000090100000| PB 0x0000000090100000| Untracked 
|  66|0x0000000090200000, 0x0000000090200000, 0x0000000090300000|  0%| F|  |TAMS 0x0000000090200000| PB 0x0000000090200000| Untracked 
|  67|0x0000000090300000, 0x0000000090300000, 0x0000000090400000|  0%| F|  |TAMS 0x0000000090300000| PB 0x0000000090300000| Untracked 
|  68|0x0000000090400000, 0x0000000090400000, 0x0000000090500000|  0%| F|  |TAMS 0x0000000090400000| PB 0x0000000090400000| Untracked 
|  69|0x0000000090500000, 0x0000000090500000, 0x0000000090600000|  0%| F|  |TAMS 0x0000000090500000| PB 0x0000000090500000| Untracked 
|  70|0x0000000090600000, 0x0000000090600000, 0x0000000090700000|  0%| F|  |TAMS 0x0000000090600000| PB 0x0000000090600000| Untracked 
|  71|0x0000000090700000, 0x0000000090700000, 0x0000000090800000|  0%| F|  |TAMS 0x0000000090700000| PB 0x0000000090700000| Untracked 
|  72|0x0000000090800000, 0x0000000090800000, 0x0000000090900000|  0%| F|  |TAMS 0x0000000090800000| PB 0x0000000090800000| Untracked 
|  73|0x0000000090900000, 0x0000000090900000, 0x0000000090a00000|  0%| F|  |TAMS 0x0000000090900000| PB 0x0000000090900000| Untracked 
|  74|0x0000000090a00000, 0x0000000090a00000, 0x0000000090b00000|  0%| F|  |TAMS 0x0000000090a00000| PB 0x0000000090a00000| Untracked 
|  75|0x0000000090b00000, 0x0000000090b00000, 0x0000000090c00000|  0%| F|  |TAMS 0x0000000090b00000| PB 0x0000000090b00000| Untracked 
|  76|0x0000000090c00000, 0x0000000090c00000, 0x0000000090d00000|  0%| F|  |TAMS 0x0000000090c00000| PB 0x0000000090c00000| Untracked 
|  77|0x0000000090d00000, 0x0000000090d00000, 0x0000000090e00000|  0%| F|  |TAMS 0x0000000090d00000| PB 0x0000000090d00000| Untracked 
|  78|0x0000000090e00000, 0x0000000090e00000, 0x0000000090f00000|  0%| F|  |TAMS 0x0000000090e00000| PB 0x0000000090e00000| Untracked 
|  79|0x0000000090f00000, 0x0000000090f00000, 0x0000000091000000|  0%| F|  |TAMS 0x0000000090f00000| PB 0x0000000090f00000| Untracked 
|  80|0x0000000091000000, 0x0000000091000000, 0x0000000091100000|  0%| F|  |TAMS 0x0000000091000000| PB 0x0000000091000000| Untracked 
|  81|0x0000000091100000, 0x0000000091100000, 0x0000000091200000|  0%| F|  |TAMS 0x0000000091100000| PB 0x0000000091100000| Untracked 
|  82|0x0000000091200000, 0x0000000091200000, 0x0000000091300000|  0%| F|  |TAMS 0x0000000091200000| PB 0x0000000091200000| Untracked 
|  83|0x0000000091300000, 0x0000000091300000, 0x0000000091400000|  0%| F|  |TAMS 0x0000000091300000| PB 0x0000000091300000| Untracked 
|  84|0x0000000091400000, 0x0000000091400000, 0x0000000091500000|  0%| F|  |TAMS 0x0000000091400000| PB 0x0000000091400000| Untracked 
|  85|0x0000000091500000, 0x0000000091500000, 0x0000000091600000|  0%| F|  |TAMS 0x0000000091500000| PB 0x0000000091500000| Untracked 
|  86|0x0000000091600000, 0x0000000091600000, 0x0000000091700000|  0%| F|  |TAMS 0x0000000091600000| PB 0x0000000091600000| Untracked 
|  87|0x0000000091700000, 0x0000000091700000, 0x0000000091800000|  0%| F|  |TAMS 0x0000000091700000| PB 0x0000000091700000| Untracked 
|  88|0x0000000091800000, 0x0000000091800000, 0x0000000091900000|  0%| F|  |TAMS 0x0000000091800000| PB 0x0000000091800000| Untracked 
|  89|0x0000000091900000, 0x0000000091900000, 0x0000000091a00000|  0%| F|  |TAMS 0x0000000091900000| PB 0x0000000091900000| Untracked 
|  90|0x0000000091a00000, 0x0000000091a00000, 0x0000000091b00000|  0%| F|  |TAMS 0x0000000091a00000| PB 0x0000000091a00000| Untracked 
|  91|0x0000000091b00000, 0x0000000091b00000, 0x0000000091c00000|  0%| F|  |TAMS 0x0000000091b00000| PB 0x0000000091b00000| Untracked 
|  92|0x0000000091c00000, 0x0000000091c00000, 0x0000000091d00000|  0%| F|  |TAMS 0x0000000091c00000| PB 0x0000000091c00000| Untracked 
|  93|0x0000000091d00000, 0x0000000091d00000, 0x0000000091e00000|  0%| F|  |TAMS 0x0000000091d00000| PB 0x0000000091d00000| Untracked 
|  94|0x0000000091e00000, 0x0000000091e00000, 0x0000000091f00000|  0%| F|  |TAMS 0x0000000091e00000| PB 0x0000000091e00000| Untracked 
|  95|0x0000000091f00000, 0x0000000091f76838, 0x0000000092000000| 46%| E|  |TAMS 0x0000000091f00000| PB 0x0000000091f00000| Complete 
|  96|0x0000000092000000, 0x0000000092100000, 0x0000000092100000|100%| E|CS|TAMS 0x0000000092000000| PB 0x0000000092000000| Complete 
|  97|0x0000000092100000, 0x0000000092200000, 0x0000000092200000|100%| E|CS|TAMS 0x0000000092100000| PB 0x0000000092100000| Complete 
|  98|0x0000000092200000, 0x0000000092300000, 0x0000000092300000|100%| E|CS|TAMS 0x0000000092200000| PB 0x0000000092200000| Complete 
|  99|0x0000000092300000, 0x0000000092400000, 0x0000000092400000|100%| E|CS|TAMS 0x0000000092300000| PB 0x0000000092300000| Complete 
| 100|0x0000000092400000, 0x0000000092500000, 0x0000000092500000|100%| E|CS|TAMS 0x0000000092400000| PB 0x0000000092400000| Complete 
| 101|0x0000000092500000, 0x0000000092600000, 0x0000000092600000|100%| E|CS|TAMS 0x0000000092500000| PB 0x0000000092500000| Complete 
| 102|0x0000000092600000, 0x0000000092700000, 0x0000000092700000|100%| E|CS|TAMS 0x0000000092600000| PB 0x0000000092600000| Complete 
| 103|0x0000000092700000, 0x0000000092800000, 0x0000000092800000|100%| E|CS|TAMS 0x0000000092700000| PB 0x0000000092700000| Complete 
| 104|0x0000000092800000, 0x0000000092900000, 0x0000000092900000|100%| E|CS|TAMS 0x0000000092800000| PB 0x0000000092800000| Complete 
| 105|0x0000000092900000, 0x0000000092a00000, 0x0000000092a00000|100%| E|CS|TAMS 0x0000000092900000| PB 0x0000000092900000| Complete 
| 106|0x0000000092a00000, 0x0000000092b00000, 0x0000000092b00000|100%| E|CS|TAMS 0x0000000092a00000| PB 0x0000000092a00000| Complete 
| 107|0x0000000092b00000, 0x0000000092c00000, 0x0000000092c00000|100%| E|CS|TAMS 0x0000000092b00000| PB 0x0000000092b00000| Complete 
| 108|0x0000000092c00000, 0x0000000092d00000, 0x0000000092d00000|100%| E|CS|TAMS 0x0000000092c00000| PB 0x0000000092c00000| Complete 
| 109|0x0000000092d00000, 0x0000000092e00000, 0x0000000092e00000|100%| E|CS|TAMS 0x0000000092d00000| PB 0x0000000092d00000| Complete 
| 110|0x0000000092e00000, 0x0000000092f00000, 0x0000000092f00000|100%| E|CS|TAMS 0x0000000092e00000| PB 0x0000000092e00000| Complete 
| 111|0x0000000092f00000, 0x0000000093000000, 0x0000000093000000|100%| E|CS|TAMS 0x0000000092f00000| PB 0x0000000092f00000| Complete 
| 112|0x0000000093000000, 0x0000000093100000, 0x0000000093100000|100%| E|CS|TAMS 0x0000000093000000| PB 0x0000000093000000| Complete 
| 113|0x0000000093100000, 0x0000000093200000, 0x0000000093200000|100%| E|CS|TAMS 0x0000000093100000| PB 0x0000000093100000| Complete 
| 114|0x0000000093200000, 0x0000000093300000, 0x0000000093300000|100%| E|CS|TAMS 0x0000000093200000| PB 0x0000000093200000| Complete 
| 115|0x0000000093300000, 0x0000000093400000, 0x0000000093400000|100%| E|CS|TAMS 0x0000000093300000| PB 0x0000000093300000| Complete 

Card table byte_map: [0x000002339e0d0000,0x000002339e470000] _byte_map_base: 0x000002339dc70000

Marking Bits: (CMBitMap*) 0x000002338b08e5d0
 Bits: [0x000002339e470000, 0x00000233a0170000)

Polling page: 0x0000023388e10000

Metaspace:

Usage:
  Non-class:      7.60 MB used.
      Class:   1017.55 KB used.
       Both:      8.60 MB used.

Virtual space:
  Non-class space:       64.00 MB reserved,       7.69 MB ( 12%) committed,  1 nodes.
      Class space:        1.00 GB reserved,       1.12 MB ( <1%) committed,  1 nodes.
             Both:        1.06 GB reserved,       8.81 MB ( <1%) committed. 

Chunk freelists:
   Non-Class:  8.19 MB
       Class:  14.72 MB
        Both:  22.91 MB

MaxMetaspaceSize: unlimited
CompressedClassSpaceSize: 1.00 GB
Initial GC threshold: 21.00 MB
Current GC threshold: 21.00 MB
CDS: on
 - commit_granule_bytes: 65536.
 - commit_granule_words: 8192.
 - virtual_space_node_default_size: 8388608.
 - enlarge_chunks_in_place: 1.
 - use_allocation_guard: 0.


Internal statistics:

num_allocs_failed_limit: 0.
num_arena_births: 152.
num_arena_deaths: 0.
num_vsnodes_births: 2.
num_vsnodes_deaths: 0.
num_space_committed: 141.
num_space_uncommitted: 0.
num_chunks_returned_to_freelist: 0.
num_chunks_taken_from_freelist: 222.
num_chunk_merges: 0.
num_chunk_splits: 121.
num_chunks_enlarged: 34.
num_inconsistent_stats: 0.

CodeHeap 'non-profiled nmethods': size=120000Kb used=383Kb max_used=383Kb free=119616Kb
 bounds [0x00000233964c0000, 0x0000023396730000, 0x000002339d9f0000]
CodeHeap 'profiled nmethods': size=120000Kb used=1854Kb max_used=1854Kb free=118145Kb
 bounds [0x000002338e9f0000, 0x000002338ec60000, 0x0000023395f20000]
CodeHeap 'non-nmethods': size=5760Kb used=1494Kb max_used=1508Kb free=4265Kb
 bounds [0x0000023395f20000, 0x0000023396190000, 0x00000233964c0000]
CodeCache: size=245760Kb, used=3731Kb, max_used=3745Kb, free=242026Kb
 total_blobs=1780, nmethods=1127, adapters=558, full_count=0
Compilation: enabled, stopped_count=0, restarted_count=0

Compilation events (20 events):
Event: 0.804 Thread 0x00000233a2bab3e0 1110       1       javax.swing.text.View::getParent (5 bytes)
Event: 0.804 Thread 0x00000233a2bab3e0 nmethod 1110 0x000002339651ed10 code [0x000002339651eea0, 0x000002339651ef68]
Event: 0.807 Thread 0x00000233e8cbeca0 1111       4       java.util.HashMap::getNode (150 bytes)
Event: 0.807 Thread 0x00000233a2bab3e0 1112       3       java.util.Locale::hashCode (41 bytes)
Event: 0.808 Thread 0x00000233a2bab3e0 nmethod 1112 0x000002338ebb7290 code [0x000002338ebb7460, 0x000002338ebb7660]
Event: 0.808 Thread 0x00000233a2bab3e0 1114       3       javax.swing.UIDefaults::getColor (22 bytes)
Event: 0.808 Thread 0x00000233a2bab3e0 nmethod 1114 0x000002338ebb7790 code [0x000002338ebb7960, 0x000002338ebb7d80]
Event: 0.808 Thread 0x00000233a2bab3e0 1113       3       java.awt.Color::equals (27 bytes)
Event: 0.808 Thread 0x00000233a2bab3e0 nmethod 1113 0x000002338ebb7e90 code [0x000002338ebb8040, 0x000002338ebb84f0]
Event: 0.808 Thread 0x00000233a2bab3e0 1115       3       javax.swing.text.DefaultCaret$Handler::propertyChange (273 bytes)
Event: 0.809 Thread 0x00000233a2bab3e0 nmethod 1115 0x000002338ebb8610 code [0x000002338ebb89c0, 0x000002338ebba568]
Event: 0.809 Thread 0x00000233a2bab3e0 1117       3       java.util.ArrayList$Itr::<init> (26 bytes)
Event: 0.809 Thread 0x00000233a2bab3e0 nmethod 1117 0x000002338ebbac90 code [0x000002338ebbae40, 0x000002338ebbb018]
Event: 0.809 Thread 0x00000233a2bab3e0 1118       3       java.util.ArrayList::iterator (9 bytes)
Event: 0.809 Thread 0x00000233a2bab3e0 nmethod 1118 0x000002338ebbb110 code [0x000002338ebbb2c0, 0x000002338ebbb558]
Event: 0.809 Thread 0x00000233a2bab3e0 1116       3       java.util.ArrayList$Itr::next (66 bytes)
Event: 0.809 Thread 0x00000233a2bab3e0 nmethod 1116 0x000002338ebbb690 code [0x000002338ebbb880, 0x000002338ebbbc40]
Event: 0.810 Thread 0x00000233a2bab3e0 1119       3       java.util.ArrayList$Itr::checkForComodification (23 bytes)
Event: 0.810 Thread 0x00000233a2bab3e0 nmethod 1119 0x000002338ebbbe10 code [0x000002338ebbbfc0, 0x000002338ebbc188]
Event: 0.810 Thread 0x00000233a2bab3e0 1120       3       java.beans.PropertyChangeSupport::firePropertyChange (81 bytes)

GC Heap History (0 events):
No events

Dll operation events (9 events):
Event: 0.009 Loaded shared library C:\Users\selen\Downloads\eclipse-java-2025-12-R-win32-x86_64\eclipse\plugins\org.eclipse.justj.openjdk.hotspot.jre.full.win32.x86_64_21.0.10.v20260205-0638\jre\bin\java.dll
Event: 0.037 Loaded shared library C:\Users\selen\Downloads\eclipse-java-2025-12-R-win32-x86_64\eclipse\plugins\org.eclipse.justj.openjdk.hotspot.jre.full.win32.x86_64_21.0.10.v20260205-0638\jre\bin\zip.dll
Event: 0.086 Loaded shared library C:\Users\selen\Downloads\eclipse-java-2025-12-R-win32-x86_64\eclipse\plugins\org.eclipse.justj.openjdk.hotspot.jre.full.win32.x86_64_21.0.10.v20260205-0638\jre\bin\jimage.dll
Event: 0.093 Loaded shared library C:\Users\selen\Downloads\eclipse-java-2025-12-R-win32-x86_64\eclipse\plugins\org.eclipse.justj.openjdk.hotspot.jre.full.win32.x86_64_21.0.10.v20260205-0638\jre\bin\net.dll
Event: 0.095 Loaded shared library C:\Users\selen\Downloads\eclipse-java-2025-12-R-win32-x86_64\eclipse\plugins\org.eclipse.justj.openjdk.hotspot.jre.full.win32.x86_64_21.0.10.v20260205-0638\jre\bin\nio.dll
Event: 0.099 Loaded shared library C:\Users\selen\Downloads\eclipse-java-2025-12-R-win32-x86_64\eclipse\plugins\org.eclipse.justj.openjdk.hotspot.jre.full.win32.x86_64_21.0.10.v20260205-0638\jre\bin\zip.dll
Event: 0.134 Loaded shared library C:\Users\selen\Downloads\eclipse-java-2025-12-R-win32-x86_64\eclipse\plugins\org.eclipse.justj.openjdk.hotspot.jre.full.win32.x86_64_21.0.10.v20260205-0638\jre\bin\awt.dll
Event: 0.558 Loaded shared library C:\Users\selen\Downloads\eclipse-java-2025-12-R-win32-x86_64\eclipse\plugins\org.eclipse.justj.openjdk.hotspot.jre.full.win32.x86_64_21.0.10.v20260205-0638\jre\bin\freetype.dll
Event: 0.559 Loaded shared library C:\Users\selen\Downloads\eclipse-java-2025-12-R-win32-x86_64\eclipse\plugins\org.eclipse.justj.openjdk.hotspot.jre.full.win32.x86_64_21.0.10.v20260205-0638\jre\bin\fontmanager.dll

Deoptimization events (20 events):
Event: 0.599 Thread 0x000002338b03f2f0 Uncommon trap: trap_request=0xffffff45 fr.pc=0x000002339650cc38 relative=0x0000000000000978
Event: 0.599 Thread 0x000002338b03f2f0 Uncommon trap: reason=unstable_if action=reinterpret pc=0x000002339650cc38 method=java.util.HashMap.putVal(ILjava/lang/Object;Ljava/lang/Object;ZZ)Ljava/lang/Object; @ 181 c2
Event: 0.599 Thread 0x000002338b03f2f0 DEOPT PACKING pc=0x000002339650cc38 sp=0x000000be8e0fde10
Event: 0.599 Thread 0x000002338b03f2f0 DEOPT UNPACKING pc=0x0000023395f74422 sp=0x000000be8e0fddb0 mode 2
Event: 0.656 Thread 0x00000233e8c78260 Uncommon trap: trap_request=0xffffff45 fr.pc=0x0000023396502e1c relative=0x000000000000185c
Event: 0.656 Thread 0x00000233e8c78260 Uncommon trap: reason=unstable_if action=reinterpret pc=0x0000023396502e1c method=sun.awt.image.PNGFilterInputStream.read([BII)I @ 30 c2
Event: 0.656 Thread 0x00000233e8c78260 DEOPT PACKING pc=0x0000023396502e1c sp=0x000000be8fcfeb00
Event: 0.656 Thread 0x00000233e8c78260 DEOPT UNPACKING pc=0x0000023395f74422 sp=0x000000be8fcfe908 mode 2
Event: 0.656 Thread 0x00000233e8c78260 DEOPT PACKING pc=0x000002338eb08e27 sp=0x000000be8fcfe700
Event: 0.656 Thread 0x00000233e8c78260 DEOPT UNPACKING pc=0x0000023395f74bc2 sp=0x000000be8fcfdba0 mode 0
Event: 0.657 Thread 0x00000233e8c78260 Uncommon trap: trap_request=0xffffff45 fr.pc=0x0000023396500bd4 relative=0x0000000000000df4
Event: 0.657 Thread 0x00000233e8c78260 Uncommon trap: reason=unstable_if action=reinterpret pc=0x0000023396500bd4 method=sun.awt.image.PNGImageDecoder.filterRow([B[BIII)V @ 4 c2
Event: 0.657 Thread 0x00000233e8c78260 DEOPT PACKING pc=0x0000023396500bd4 sp=0x000000be8fcfece0
Event: 0.657 Thread 0x00000233e8c78260 DEOPT UNPACKING pc=0x0000023395f74422 sp=0x000000be8fcfec18 mode 2
Event: 0.659 Thread 0x00000233e8c78260 DEOPT PACKING pc=0x000002338eb08e27 sp=0x000000be8fcfe700
Event: 0.659 Thread 0x00000233e8c78260 DEOPT UNPACKING pc=0x0000023395f74bc2 sp=0x000000be8fcfdba0 mode 0
Event: 0.724 Thread 0x00000233e8c78260 Uncommon trap: trap_request=0xffffff45 fr.pc=0x0000023396506344 relative=0x0000000000000264
Event: 0.724 Thread 0x00000233e8c78260 Uncommon trap: reason=unstable_if action=reinterpret pc=0x0000023396506344 method=sun.awt.image.ImageRepresentation.getOpaqueRGBImage()Ljava/awt/image/BufferedImage; @ 57 c2
Event: 0.724 Thread 0x00000233e8c78260 DEOPT PACKING pc=0x0000023396506344 sp=0x000000be8fcfebb0
Event: 0.724 Thread 0x00000233e8c78260 DEOPT UNPACKING pc=0x0000023395f74422 sp=0x000000be8fcfeb10 mode 2

Classes loaded (20 events):
Event: 0.785 Loading class javax/swing/plaf/metal/MetalTextFieldUI
Event: 0.785 Loading class javax/swing/plaf/basic/BasicTextFieldUI
Event: 0.785 Loading class javax/swing/plaf/basic/BasicTextFieldUI done
Event: 0.785 Loading class javax/swing/plaf/metal/MetalTextFieldUI done
Event: 0.785 Loading class javax/swing/plaf/metal/MetalBorders$TextFieldBorder
Event: 0.785 Loading class javax/swing/plaf/metal/MetalBorders$Flush3DBorder
Event: 0.785 Loading class javax/swing/plaf/metal/MetalBorders$Flush3DBorder done
Event: 0.785 Loading class javax/swing/plaf/metal/MetalBorders$TextFieldBorder done
Event: 0.786 Loading class javax/swing/text/FieldView
Event: 0.786 Loading class javax/swing/text/FieldView done
Event: 0.786 Loading class javax/swing/JEditorPane
Event: 0.787 Loading class javax/swing/JEditorPane done
Event: 0.787 Loading class javax/swing/DefaultBoundedRangeModel
Event: 0.787 Loading class javax/swing/BoundedRangeModel
Event: 0.787 Loading class javax/swing/BoundedRangeModel done
Event: 0.787 Loading class javax/swing/DefaultBoundedRangeModel done
Event: 0.787 Loading class javax/swing/JTextField$ScrollRepainter
Event: 0.788 Loading class javax/swing/JTextField$ScrollRepainter done
Event: 0.789 Loading class javax/swing/event/ChangeEvent
Event: 0.789 Loading class javax/swing/event/ChangeEvent done

Classes unloaded (0 events):
No events

Classes redefined (0 events):
No events

Internal exceptions (14 events):
Event: 0.122 Thread 0x000002338b03f2f0 Exception <a 'java/lang/ClassNotFoundException'{0x000000009315ebc8}: sun/awt/resources/spi/awtProvider> (0x000000009315ebc8) 
thrown [s\src\hotspot\share\classfile\systemDictionary.cpp, line 312]
Event: 0.145 Thread 0x000002338b03f2f0 Exception <a 'java/io/FileNotFoundException'{0x00000000931bac10}> (0x00000000931bac10) 
thrown [s\src\hotspot\share\prims\jni.cpp, line 520]
Event: 0.154 Thread 0x000002338b03f2f0 Exception <a 'java/io/FileNotFoundException'{0x00000000931e5580}> (0x00000000931e5580) 
thrown [s\src\hotspot\share\prims\jni.cpp, line 520]
Event: 0.327 Thread 0x000002338b03f2f0 Exception <a 'java/lang/NoSuchMethodError'{0x0000000092f14140}: 'void java.lang.invoke.DirectMethodHandle$Holder.invokeSpecial(java.lang.Object, java.lang.Object, java.lang.Object)'> (0x0000000092f14140) 
thrown [s\src\hotspot\share\interpreter\linkResolver.cpp, line 773]
Event: 0.334 Thread 0x000002338b03f2f0 Exception <a 'java/lang/NoSuchMethodError'{0x0000000092f3a4d8}: 'java.lang.Object java.lang.invoke.DirectMethodHandle$Holder.newInvokeSpecial(java.lang.Object, java.lang.Object, java.lang.Object, java.lang.Object, java.lang.Object)'> (0x0000000092f3a4d8) 
thrown [s\src\hotspot\share\interpreter\linkResolver.cpp, line 773]
Event: 0.339 Thread 0x000002338b03f2f0 Exception <a 'java/lang/NoSuchMethodError'{0x0000000092f66bb0}: 'java.lang.Object java.lang.invoke.DirectMethodHandle$Holder.invokeStatic(java.lang.Object, int, java.lang.Object)'> (0x0000000092f66bb0) 
thrown [s\src\hotspot\share\interpreter\linkResolver.cpp, line 773]
Event: 0.355 Thread 0x000002338b03f2f0 Exception <a 'java/lang/ClassNotFoundException'{0x0000000092e08560}: com/sun/swing/internal/plaf/metal/resources/spi/metalProvider> (0x0000000092e08560) 
thrown [s\src\hotspot\share\classfile\systemDictionary.cpp, line 312]
Event: 0.355 Thread 0x000002338b03f2f0 Exception <a 'java/lang/ClassNotFoundException'{0x0000000092e0c530}: com/sun/swing/internal/plaf/basic/resources/spi/basicProvider> (0x0000000092e0c530) 
thrown [s\src\hotspot\share\classfile\systemDictionary.cpp, line 312]
Event: 0.364 Thread 0x000002338b03f2f0 Exception <a 'java/lang/NoSuchMethodError'{0x0000000092e2c4c0}: 'int java.lang.invoke.Invokers$Holder.invokeExact_MT(java.lang.Object, java.lang.Object)'> (0x0000000092e2c4c0) 
thrown [s\src\hotspot\share\interpreter\linkResolver.cpp, line 773]
Event: 0.430 Thread 0x00000233e8c78260 Exception <a 'java/lang/NoSuchMethodError'{0x0000000092c3afd8}: 'java.lang.Object java.lang.invoke.DirectMethodHandle$Holder.newInvokeSpecial(java.lang.Object, java.lang.Object, java.lang.Object, int, int, int, int, int)'> (0x0000000092c3afd8) 
thrown [s\src\hotspot\share\interpreter\linkResolver.cpp, line 773]
Event: 0.540 Thread 0x00000233a2f7a1b0 Exception <a 'java/lang/NoSuchMethodError'{0x00000000930fa0c0}: 'void java.lang.invoke.DirectMethodHandle$Holder.invokeVirtual(java.lang.Object, java.lang.Object)'> (0x00000000930fa0c0) 
thrown [s\src\hotspot\share\interpreter\linkResolver.cpp, line 773]
Event: 0.554 Thread 0x000002338b03f2f0 Exception <a 'java/lang/NoSuchMethodError'{0x0000000092e5f238}: 'void java.lang.invoke.DirectMethodHandle$Holder.invokeStaticInit(java.lang.Object)'> (0x0000000092e5f238) 
thrown [s\src\hotspot\share\interpreter\linkResolver.cpp, line 773]
Event: 0.603 Thread 0x000002338b03f2f0 Exception <a 'java/io/FileNotFoundException'{0x00000000925a5e98}> (0x00000000925a5e98) 
thrown [s\src\hotspot\share\prims\jni.cpp, line 520]
Event: 0.611 Thread 0x000002338b03f2f0 Exception <a 'java/io/FileNotFoundException'{0x00000000925cb898}> (0x00000000925cb898) 
thrown [s\src\hotspot\share\prims\jni.cpp, line 520]

ZGC Phase Switch (0 events):
No events

VM Operations (12 events):
Event: 0.105 Executing non-safepoint VM operation: HandshakeAllThreads (Deoptimize)
Event: 0.105 Executing non-safepoint VM operation: HandshakeAllThreads (Deoptimize) done
Event: 0.162 Executing non-safepoint VM operation: HandshakeAllThreads (Deoptimize)
Event: 0.162 Executing non-safepoint VM operation: HandshakeAllThreads (Deoptimize) done
Event: 0.366 Executing non-safepoint VM operation: HandshakeAllThreads (Deoptimize)
Event: 0.366 Executing non-safepoint VM operation: HandshakeAllThreads (Deoptimize) done
Event: 0.409 Executing non-safepoint VM operation: HandshakeAllThreads (Deoptimize)
Event: 0.409 Executing non-safepoint VM operation: HandshakeAllThreads (Deoptimize) done
Event: 0.749 Executing non-safepoint VM operation: HandshakeAllThreads (Deoptimize)
Event: 0.749 Executing non-safepoint VM operation: HandshakeAllThreads (Deoptimize) done
Event: 0.791 Executing safepoint VM operation: ICBufferFull
Event: 0.791 Executing safepoint VM operation: ICBufferFull done

Memory protections (0 events):
No events

Nmethod flushes (0 events):
No events

Events (18 events):
Event: 0.024 Thread 0x000002338b03f2f0 Thread added: 0x000002338b03f2f0
Event: 0.039 Thread 0x000002338b03f2f0 Thread added: 0x00000233a2b8f210
Event: 0.039 Thread 0x000002338b03f2f0 Thread added: 0x00000233a2b929a0
Event: 0.039 Thread 0x000002338b03f2f0 Thread added: 0x00000233a2b957c0
Event: 0.039 Thread 0x000002338b03f2f0 Thread added: 0x00000233a2b96220
Event: 0.039 Thread 0x000002338b03f2f0 Thread added: 0x00000233a2b999b0
Event: 0.039 Thread 0x000002338b03f2f0 Thread added: 0x00000233a2b9e890
Event: 0.039 Thread 0x000002338b03f2f0 Thread added: 0x00000233a2baa810
Event: 0.040 Thread 0x000002338b03f2f0 Thread added: 0x00000233a2bab3e0
Event: 0.065 Thread 0x000002338b03f2f0 Thread added: 0x00000233a2ce62f0
Event: 0.068 Thread 0x000002338b03f2f0 Thread added: 0x00000233a2ceff40
Event: 0.206 Thread 0x000002338b03f2f0 Thread added: 0x00000233a2f5ebb0
Event: 0.207 Thread 0x000002338b03f2f0 Thread added: 0x00000233a2f74850
Event: 0.209 Thread 0x000002338b03f2f0 Thread added: 0x00000233a2f7a1b0
Event: 0.370 Thread 0x000002338b03f2f0 Thread added: 0x00000233e8c78260
Event: 0.399 Thread 0x00000233a2bab3e0 Thread added: 0x00000233e8cbeca0
Event: 0.542 Thread 0x00000233a2f7a1b0 Thread added: 0x00000233e8d409e0
Event: 0.649 Thread 0x00000233e8d409e0 Thread added: 0x00000233f94a9be0


Dynamic libraries:
0x00007ff6f1450000 - 0x00007ff6f145e000 	C:\Users\selen\Downloads\eclipse-java-2025-12-R-win32-x86_64\eclipse\plugins\org.eclipse.justj.openjdk.hotspot.jre.full.win32.x86_64_21.0.10.v20260205-0638\jre\bin\javaw.exe
0x00007fff40b20000 - 0x00007fff40d87000 	C:\WINDOWS\SYSTEM32\ntdll.dll
0x00007fff3f3c0000 - 0x00007fff3f489000 	C:\WINDOWS\System32\KERNEL32.DLL
0x00007fff3d820000 - 0x00007fff3dc17000 	C:\WINDOWS\System32\KERNELBASE.dll
0x00007fff3e5d0000 - 0x00007fff3e71b000 	C:\WINDOWS\System32\ucrtbase.dll
0x00007fff20280000 - 0x00007fff20298000 	C:\Users\selen\Downloads\eclipse-java-2025-12-R-win32-x86_64\eclipse\plugins\org.eclipse.justj.openjdk.hotspot.jre.full.win32.x86_64_21.0.10.v20260205-0638\jre\bin\jli.dll
0x00007fff202a0000 - 0x00007fff202be000 	C:\Users\selen\Downloads\eclipse-java-2025-12-R-win32-x86_64\eclipse\plugins\org.eclipse.justj.openjdk.hotspot.jre.full.win32.x86_64_21.0.10.v20260205-0638\jre\bin\VCRUNTIME140.dll
0x00007fff3f6d0000 - 0x00007fff3f896000 	C:\WINDOWS\System32\USER32.dll
0x00007fff21370000 - 0x00007fff21602000 	C:\WINDOWS\WinSxS\amd64_microsoft.windows.common-controls_6595b64144ccf1df_6.0.26100.8457_none_3e0b2faee331e92d\COMCTL32.dll
0x00007fff3d610000 - 0x00007fff3d637000 	C:\WINDOWS\System32\win32u.dll
0x00007fff3fa50000 - 0x00007fff3fa7b000 	C:\WINDOWS\System32\GDI32.dll
0x00007fff3ffd0000 - 0x00007fff40079000 	C:\WINDOWS\System32\msvcrt.dll
0x00007fff3d640000 - 0x00007fff3d76c000 	C:\WINDOWS\System32\gdi32full.dll
0x00007fff3d770000 - 0x00007fff3d813000 	C:\WINDOWS\System32\msvcp_win.dll
0x00007fff3ef30000 - 0x00007fff3ef62000 	C:\WINDOWS\System32\IMM32.DLL
0x00007fff3ad10000 - 0x00007fff3ad1c000 	C:\Users\selen\Downloads\eclipse-java-2025-12-R-win32-x86_64\eclipse\plugins\org.eclipse.justj.openjdk.hotspot.jre.full.win32.x86_64_21.0.10.v20260205-0638\jre\bin\vcruntime140_1.dll
0x00007fff06ea0000 - 0x00007fff06f2d000 	C:\Users\selen\Downloads\eclipse-java-2025-12-R-win32-x86_64\eclipse\plugins\org.eclipse.justj.openjdk.hotspot.jre.full.win32.x86_64_21.0.10.v20260205-0638\jre\bin\msvcp140.dll
0x00007ffe952b0000 - 0x00007ffe96051000 	C:\Users\selen\Downloads\eclipse-java-2025-12-R-win32-x86_64\eclipse\plugins\org.eclipse.justj.openjdk.hotspot.jre.full.win32.x86_64_21.0.10.v20260205-0638\jre\bin\server\jvm.dll
0x00007fff40080000 - 0x00007fff40136000 	C:\WINDOWS\System32\ADVAPI32.dll
0x00007fff3f8a0000 - 0x00007fff3f947000 	C:\WINDOWS\System32\sechost.dll
0x00007fff3fe10000 - 0x00007fff3ff28000 	C:\WINDOWS\System32\RPCRT4.dll
0x00007fff3ff30000 - 0x00007fff3ffb0000 	C:\WINDOWS\System32\WS2_32.dll
0x00007fff3d3b0000 - 0x00007fff3d40e000 	C:\WINDOWS\SYSTEM32\POWRPROF.dll
0x00007fff2f280000 - 0x00007fff2f28b000 	C:\WINDOWS\SYSTEM32\VERSION.dll
0x00007fff33e60000 - 0x00007fff33e96000 	C:\WINDOWS\SYSTEM32\WINMM.dll
0x00007fff3d390000 - 0x00007fff3d3a4000 	C:\WINDOWS\SYSTEM32\UMPDC.dll
0x00007fff3c2e0000 - 0x00007fff3c2fb000 	C:\WINDOWS\SYSTEM32\kernel.appcore.dll
0x00007fff3ad00000 - 0x00007fff3ad0a000 	C:\Users\selen\Downloads\eclipse-java-2025-12-R-win32-x86_64\eclipse\plugins\org.eclipse.justj.openjdk.hotspot.jre.full.win32.x86_64_21.0.10.v20260205-0638\jre\bin\jimage.dll
0x00007fff2f870000 - 0x00007fff2fab2000 	C:\WINDOWS\SYSTEM32\DBGHELP.DLL
0x00007fff3ef70000 - 0x00007fff3f2f3000 	C:\WINDOWS\System32\combase.dll
0x00007fff3fa80000 - 0x00007fff3fb59000 	C:\WINDOWS\System32\OLEAUT32.dll
0x00007fff1d020000 - 0x00007fff1d05b000 	C:\WINDOWS\SYSTEM32\dbgcore.DLL
0x00007fff3dcb0000 - 0x00007fff3dd58000 	C:\WINDOWS\System32\bcryptPrimitives.dll
0x00007fff3aaf0000 - 0x00007fff3ab10000 	C:\Users\selen\Downloads\eclipse-java-2025-12-R-win32-x86_64\eclipse\plugins\org.eclipse.justj.openjdk.hotspot.jre.full.win32.x86_64_21.0.10.v20260205-0638\jre\bin\java.dll
0x00007fff40150000 - 0x00007fff408be000 	C:\WINDOWS\System32\SHELL32.dll
0x00007fff3dd60000 - 0x00007fff3e5cc000 	C:\WINDOWS\System32\windows.storage.dll
0x00007fff3f950000 - 0x00007fff3fa46000 	C:\WINDOWS\System32\SHCORE.dll
0x00007fff3fbc0000 - 0x00007fff3fc26000 	C:\WINDOWS\System32\shlwapi.dll
0x00007fff3d470000 - 0x00007fff3d499000 	C:\WINDOWS\SYSTEM32\profapi.dll
0x00007fff372e0000 - 0x00007fff372f8000 	C:\Users\selen\Downloads\eclipse-java-2025-12-R-win32-x86_64\eclipse\plugins\org.eclipse.justj.openjdk.hotspot.jre.full.win32.x86_64_21.0.10.v20260205-0638\jre\bin\zip.dll
0x00007fff3acd0000 - 0x00007fff3ace0000 	C:\Users\selen\Downloads\eclipse-java-2025-12-R-win32-x86_64\eclipse\plugins\org.eclipse.justj.openjdk.hotspot.jre.full.win32.x86_64_21.0.10.v20260205-0638\jre\bin\net.dll
0x00007fff32ac0000 - 0x00007fff32be9000 	C:\WINDOWS\SYSTEM32\WINHTTP.dll
0x00007fff3c850000 - 0x00007fff3c8bc000 	C:\WINDOWS\system32\mswsock.dll
0x00007fff33d80000 - 0x00007fff33d96000 	C:\Users\selen\Downloads\eclipse-java-2025-12-R-win32-x86_64\eclipse\plugins\org.eclipse.justj.openjdk.hotspot.jre.full.win32.x86_64_21.0.10.v20260205-0638\jre\bin\nio.dll
0x00007fff07950000 - 0x00007fff07adf000 	C:\Users\selen\Downloads\eclipse-java-2025-12-R-win32-x86_64\eclipse\plugins\org.eclipse.justj.openjdk.hotspot.jre.full.win32.x86_64_21.0.10.v20260205-0638\jre\bin\awt.dll
0x00007fff3ada0000 - 0x00007fff3ae40000 	C:\WINDOWS\SYSTEM32\apphelp.dll
0x00007fff3b2b0000 - 0x00007fff3b2df000 	C:\WINDOWS\system32\DWMAPI.DLL
0x00007fff3afa0000 - 0x00007fff3b04a000 	C:\WINDOWS\system32\uxtheme.dll
0x00007ffece340000 - 0x00007ffece44f000 	C:\WINDOWS\system32\opengl32.dll
0x00007fff201e0000 - 0x00007fff2020d000 	C:\WINDOWS\SYSTEM32\GLU32.dll
0x00007fff3b0f0000 - 0x00007fff3b135000 	C:\WINDOWS\SYSTEM32\dxcore.dll
0x00007fff3e940000 - 0x00007fff3ea9c000 	C:\WINDOWS\System32\MSCTF.dll
0x00007fff408d0000 - 0x00007fff40a67000 	C:\WINDOWS\System32\ole32.dll
0x00007ffed0f80000 - 0x00007ffed1133000 	C:\WINDOWS\system32\d3d9.dll
0x00007fff201c0000 - 0x00007fff201e0000 	C:\WINDOWS\System32\DriverStore\FileRepository\u0198090.inf_amd64_b02316c71740397d\B025673\atidx9loader64.dll
0x00007ffe6c220000 - 0x00007ffe6e93b000 	C:\WINDOWS\System32\DriverStore\FileRepository\u0198090.inf_amd64_b02316c71740397d\B025673\AMDXN64.DLL
0x00007fff3eaa0000 - 0x00007fff3ef27000 	C:\WINDOWS\System32\SETUPAPI.dll
0x00007fff3b140000 - 0x00007fff3b27e000 	C:\WINDOWS\SYSTEM32\dxgi.dll
0x00007fff3d440000 - 0x00007fff3d46a000 	C:\WINDOWS\SYSTEM32\BCrypt.dll
0x00007fff32e80000 - 0x00007fff32ebc000 	C:\WINDOWS\System32\DriverStore\FileRepository\u0198090.inf_amd64_b02316c71740397d\B025673\amdihk64.dll
0x00007fff37af0000 - 0x00007fff37b51000 	C:\WINDOWS\SYSTEM32\directxdatabasehelper.dll
0x00007fff078c0000 - 0x00007fff07947000 	C:\Users\selen\Downloads\eclipse-java-2025-12-R-win32-x86_64\eclipse\plugins\org.eclipse.justj.openjdk.hotspot.jre.full.win32.x86_64_21.0.10.v20260205-0638\jre\bin\freetype.dll
0x00007fff04d50000 - 0x00007fff04e42000 	C:\Users\selen\Downloads\eclipse-java-2025-12-R-win32-x86_64\eclipse\plugins\org.eclipse.justj.openjdk.hotspot.jre.full.win32.x86_64_21.0.10.v20260205-0638\jre\bin\fontmanager.dll
0x00007fff21ab0000 - 0x00007fff21bf6000 	C:\WINDOWS\SYSTEM32\textinputframework.dll
0x00007fff0a290000 - 0x00007fff0a306000 	C:\WINDOWS\system32\Oleacc.dll
0x00007fff3a900000 - 0x00007fff3aa27000 	C:\WINDOWS\SYSTEM32\CoreMessaging.dll
0x00007fff37370000 - 0x00007fff37652000 	C:\WINDOWS\SYSTEM32\CoreUIComponents.dll
0x00007fff37d20000 - 0x00007fff37e8a000 	C:\WINDOWS\SYSTEM32\wintypes.dll
0x00007fff3cb50000 - 0x00007fff3cb5c000 	C:\WINDOWS\SYSTEM32\CRYPTBASE.DLL

JVMTI agents: none

dbghelp: loaded successfully - version: 4.0.5 - missing functions: none
symbol engine: initialized successfully - sym options: 0x614 - pdb path: .;C:\Users\selen\Downloads\eclipse-java-2025-12-R-win32-x86_64\eclipse\plugins\org.eclipse.justj.openjdk.hotspot.jre.full.win32.x86_64_21.0.10.v20260205-0638\jre\bin;C:\WINDOWS\SYSTEM32;C:\WINDOWS\WinSxS\amd64_microsoft.windows.common-controls_6595b64144ccf1df_6.0.26100.8457_none_3e0b2faee331e92d;C:\Users\selen\Downloads\eclipse-java-2025-12-R-win32-x86_64\eclipse\plugins\org.eclipse.justj.openjdk.hotspot.jre.full.win32.x86_64_21.0.10.v20260205-0638\jre\bin\server;C:\WINDOWS\System32\DriverStore\FileRepository\u0198090.inf_amd64_b02316c71740397d\B025673

VM Arguments:
jvm_args: -Dfile.encoding=UTF-8 -Dstdout.encoding=UTF-8 -Dstderr.encoding=UTF-8 -XX:+ShowCodeDetailsInExceptionMessages 
java_command: mcvandfileservice.PlannerApp
java_class_path (initial): C:\Users\selen\git\Planner\bin;C:\Users\selen\Downloads\eclipse-java-2025-12-R-win32-x86_64\eclipse\plugins\junit-jupiter-api_5.14.3.jar;C:\Users\selen\Downloads\eclipse-java-2025-12-R-win32-x86_64\eclipse\plugins\junit-jupiter-engine_5.14.3.jar;C:\Users\selen\Downloads\eclipse-java-2025-12-R-win32-x86_64\eclipse\plugins\junit-jupiter-migrationsupport_5.14.3.jar;C:\Users\selen\Downloads\eclipse-java-2025-12-R-win32-x86_64\eclipse\plugins\junit-jupiter-params_5.14.3.jar;C:\Users\selen\Downloads\eclipse-java-2025-12-R-win32-x86_64\eclipse\plugins\junit-platform-commons_1.14.3.jar;C:\Users\selen\Downloads\eclipse-java-2025-12-R-win32-x86_64\eclipse\plugins\junit-platform-engine_1.14.3.jar;C:\Users\selen\Downloads\eclipse-java-2025-12-R-win32-x86_64\eclipse\plugins\junit-platform-launcher_1.14.3.jar;C:\Users\selen\Downloads\eclipse-java-2025-12-R-win32-x86_64\eclipse\plugins\junit-platform-runner_1.14.3.jar;C:\Users\selen\Downloads\eclipse-java-2025-12-R-win32-x86_64\eclipse\plugins\junit-platform-suite-api_1.14.3.jar;C:\Users\selen\Downloads\eclipse-java-2025-12-R-win32-x86_64\eclipse\plugins\junit-platform-suite-engine_1.14.3.jar;C:\Users\selen\Downloads\eclipse-java-2025-12-R-win32-x86_64\eclipse\plugins\junit-platform-suite-commons_1.14.3.jar;C:\Users\selen\Downloads\eclipse-java-2025-12-R-win32-x86_64\eclipse\plugins\junit-vintage-engine_5.14.3.jar;C:\Users\selen\Downloads\eclipse-java-2025-12-R-win32-x86_64\eclipse\plugins\org.opentest4j_1.3.0.jar;C:\Users\selen\Downloads\eclipse-java-2025-12-R-win32-x86_64\eclipse\plugins\org.apiguardian.api_1.1.2.jar;C:\Users\selen\Downloads\eclipse-java-2025-12-R-win32-x86_64\eclipse\plugins\org.junit_4.13.2.v20240929-1000.jar;C:\Users\selen\Downloads\eclipse-java-2025-12-R-win32-x86_64\eclipse\plugins\org.hamcrest_3.0.0.jar
Launcher Type: SUN_STANDARD

[Global flags]
     intx CICompilerCount                          = 4                                         {product} {ergonomic}
     uint ConcGCThreads                            = 2                                         {product} {ergonomic}
     uint G1ConcRefinementThreads                  = 8                                         {product} {ergonomic}
   size_t G1HeapRegionSize                         = 1048576                                   {product} {ergonomic}
    uintx GCDrainStackTargetSize                   = 64                                        {product} {ergonomic}
   size_t InitialHeapSize                          = 121634816                                 {product} {ergonomic}
   size_t MarkStackSize                            = 4194304                                   {product} {ergonomic}
   size_t MaxHeapSize                              = 1946157056                                {product} {ergonomic}
   size_t MaxNewSize                               = 1167065088                                {product} {ergonomic}
   size_t MinHeapDeltaBytes                        = 1048576                                   {product} {ergonomic}
   size_t MinHeapSize                              = 8388608                                   {product} {ergonomic}
    uintx NonNMethodCodeHeapSize                   = 5839372                                {pd product} {ergonomic}
    uintx NonProfiledCodeHeapSize                  = 122909434                              {pd product} {ergonomic}
    uintx ProfiledCodeHeapSize                     = 122909434                              {pd product} {ergonomic}
    uintx ReservedCodeCacheSize                    = 251658240                              {pd product} {ergonomic}
     bool SegmentedCodeCache                       = true                                      {product} {ergonomic}
     bool ShowCodeDetailsInExceptionMessages       = true                                   {manageable} {command line}
   size_t SoftMaxHeapSize                          = 1946157056                             {manageable} {ergonomic}
     bool UseCompressedOops                        = true                           {product lp64_product} {ergonomic}
     bool UseG1GC                                  = true                                      {product} {ergonomic}
     bool UseLargePagesIndividualAllocation        = false                                  {pd product} {ergonomic}

Logging:
Log output configuration:
 #0: stdout all=warning uptime,level,tags foldmultilines=false
 #1: stderr all=off uptime,level,tags foldmultilines=false

Release file:
JAVA_VERSION="21.0.10" 
MODULES="java.base java.compiler java.datatransfer java.xml java.prefs java.desktop java.instrument java.logging java.management java.security.sasl java.naming java.rmi java.management.rmi java.net.http java.scripting java.security.jgss java.transaction.xa java.sql java.sql.rowset java.xml.crypto java.se java.smartcardio jdk.accessibility jdk.internal.jvmstat jdk.attach jdk.charsets jdk.internal.opt jdk.zipfs jdk.compiler jdk.crypto.ec jdk.crypto.cryptoki jdk.crypto.mscapi jdk.dynalink jdk.internal.ed jdk.editpad jdk.hotspot.agent jdk.httpserver jdk.internal.le jdk.internal.vm.ci jdk.internal.vm.compiler jdk.internal.vm.compiler.management jdk.jartool jdk.javadoc jdk.jcmd jdk.management jdk.management.agent jdk.jconsole jdk.jdeps jdk.jdwp.agent jdk.jdi jdk.jfr jdk.jshell jdk.jsobject jdk.jstatd jdk.localedata jdk.management.jfr jdk.naming.dns jdk.naming.rmi jdk.net jdk.nio.mapmode jdk.random jdk.sctp jdk.security.auth jdk.security.jgss jdk.unsupported jdk.unsupported.desktop jdk.xml.dom" 

Environment Variables:
PATH=C:/Users/selen/Downloads/eclipse-java-2025-12-R-win32-x86_64/eclipse//plugins/org.eclipse.justj.openjdk.hotspot.jre.full.win32.x86_64_21.0.10.v20260205-0638/jre/bin/server;C:/Users/selen/Downloads/eclipse-java-2025-12-R-win32-x86_64/eclipse//plugins/org.eclipse.justj.openjdk.hotspot.jre.full.win32.x86_64_21.0.10.v20260205-0638/jre/bin;C:\windows\system32;C:\windows;C:\windows\System32\Wbem;C:\windows\System32\WindowsPowerShell\v1.0\;C:\windows\System32\OpenSSH\;%SystemRoot%\system32;%SystemRoot%;%SystemRoot%\System32\Wbem;%SYSTEMROOT%\System32\WindowsPowerShell\v1.0\;%SYSTEMROOT%\System32\OpenSSH\;C:\Users\selen\AppData\Local\Microsoft\WindowsApps;;C:\Users\selen\Downloads\eclipse-java-2025-12-R-win32-x86_64\eclipse;
USERNAME=selen
OS=Windows_NT
PROCESSOR_IDENTIFIER=AMD64 Family 23 Model 160 Stepping 0, AuthenticAMD
TMP=C:\Users\selen\AppData\Local\Temp
TEMP=C:\Users\selen\AppData\Local\Temp




Periodic native trim disabled

---------------  S Y S T E M  ---------------

OS:
 Windows 11 , 64 bit Build 26100 (10.0.26100.8328)
OS uptime: 9 days 20:51 hours
Hyper-V role detected

CPU: total 8 (initial active 8) (8 cores per cpu, 2 threads per core) family 23 model 160 stepping 0 microcode 0x8a0000b, cx8, cmov, fxsr, ht, mmx, 3dnowpref, sse, sse2, sse3, ssse3, sse4a, sse4.1, sse4.2, popcnt, lzcnt, tsc, tscinvbit, avx, avx2, aes, clmul, bmi1, bmi2, adx, sha, fma, vzeroupper, clflush, clflushopt, hv, rdtscp, rdpid, f16c
Processor Information for the first 8 processors :
  Max Mhz: 2801, Current Mhz: 2801, Mhz Limit: 2801

Memory: 4k page, system-wide physical 7418M (382M free)
TotalPageFile size 29946M (AvailPageFile size 5M)
current process WorkingSet (physical memory assigned to process): 185M, peak: 185M
current process commit charge ("private bytes"): 306M, peak: 307M

vm_info: OpenJDK 64-Bit Server VM (21.0.10+7-LTS) for windows-amd64 JRE (21.0.10+7-LTS), built on 2026-01-20T00:00:00Z by "admin" with MS VC++ 17.12 (VS2022)

END.
